Error: bind EADDRINUSE null:5000
    at listenOnPrimaryHandle (node:net:1553:18)
    at shared (node:internal/cluster/child:153:3)
    at Worker.<anonymous> (node:internal/cluster/child:106:7)
    at process.onInternalMessage (node:internal/cluster/utils:49:5)
    at process.emit (node:events:525:35)
    at emit (node:internal/child_process:937:14)
    at process.processTicksAndRejections (node:internal/process/task_queues:83:21)
Error: bind EADDRINUSE null:5000
    at listenOnPrimaryHandle (node:net:1553:18)
    at shared (node:internal/cluster/child:153:3)
    at Worker.<anonymous> (node:internal/cluster/child:106:7)
    at process.onInternalMessage (node:internal/cluster/utils:49:5)
    at process.emit (node:events:525:35)
    at emit (node:internal/child_process:937:14)
    at process.processTicksAndRejections (node:internal/process/task_queues:83:21)
Error: bind EADDRINUSE null:5000
    at listenOnPrimaryHandle (node:net:1553:18)
    at shared (node:internal/cluster/child:153:3)
    at Worker.<anonymous> (node:internal/cluster/child:106:7)
    at process.onInternalMessage (node:internal/cluster/utils:49:5)
    at process.emit (node:events:525:35)
    at emit (node:internal/child_process:937:14)
    at process.processTicksAndRejections (node:internal/process/task_queues:83:21)
Error: bind EADDRINUSE null:5000
    at listenOnPrimaryHandle (node:net:1553:18)
    at shared (node:internal/cluster/child:153:3)
    at Worker.<anonymous> (node:internal/cluster/child:106:7)
    at process.onInternalMessage (node:internal/cluster/utils:49:5)
    at process.emit (node:events:525:35)
    at emit (node:internal/child_process:937:14)
    at process.processTicksAndRejections (node:internal/process/task_queues:83:21)
2025-04-08T17:20:43: ✅ Database connected successfully
Error: bind EADDRINUSE null:5000
    at listenOnPrimaryHandle (node:net:1553:18)
    at shared (node:internal/cluster/child:153:3)
    at Worker.<anonymous> (node:internal/cluster/child:106:7)
    at process.onInternalMessage (node:internal/cluster/utils:49:5)
    at process.emit (node:events:525:35)
    at emit (node:internal/child_process:937:14)
    at process.processTicksAndRejections (node:internal/process/task_queues:83:21)
Error: bind EADDRINUSE null:5000
    at listenOnPrimaryHandle (node:net:1553:18)
    at shared (node:internal/cluster/child:153:3)
    at Worker.<anonymous> (node:internal/cluster/child:106:7)
    at process.onInternalMessage (node:internal/cluster/utils:49:5)
    at process.emit (node:events:525:35)
    at emit (node:internal/child_process:937:14)
    at process.processTicksAndRejections (node:internal/process/task_queues:83:21)
Error: bind EADDRINUSE null:5000
    at listenOnPrimaryHandle (node:net:1553:18)
    at shared (node:internal/cluster/child:153:3)
    at Worker.<anonymous> (node:internal/cluster/child:106:7)
    at process.onInternalMessage (node:internal/cluster/utils:49:5)
    at process.emit (node:events:525:35)
    at emit (node:internal/child_process:937:14)
    at process.processTicksAndRejections (node:internal/process/task_queues:83:21)
Error: bind EADDRINUSE null:5000
    at listenOnPrimaryHandle (node:net:1553:18)
    at shared (node:internal/cluster/child:153:3)
    at Worker.<anonymous> (node:internal/cluster/child:106:7)
    at process.onInternalMessage (node:internal/cluster/utils:49:5)
    at process.emit (node:events:525:35)
    at emit (node:internal/child_process:937:14)
    at process.processTicksAndRejections (node:internal/process/task_queues:83:21)
Error: bind EADDRINUSE null:5000
    at listenOnPrimaryHandle (node:net:1553:18)
    at shared (node:internal/cluster/child:153:3)
    at Worker.<anonymous> (node:internal/cluster/child:106:7)
    at process.onInternalMessage (node:internal/cluster/utils:49:5)
    at process.emit (node:events:525:35)
    at emit (node:internal/child_process:937:14)
    at process.processTicksAndRejections (node:internal/process/task_queues:83:21)
Error: bind EADDRINUSE null:5000
    at listenOnPrimaryHandle (node:net:1553:18)
    at shared (node:internal/cluster/child:153:3)
    at Worker.<anonymous> (node:internal/cluster/child:106:7)
    at process.onInternalMessage (node:internal/cluster/utils:49:5)
    at process.emit (node:events:525:35)
    at emit (node:internal/child_process:937:14)
    at process.processTicksAndRejections (node:internal/process/task_queues:83:21)
Error: bind EADDRINUSE null:5000
    at listenOnPrimaryHandle (node:net:1553:18)
    at shared (node:internal/cluster/child:153:3)
    at Worker.<anonymous> (node:internal/cluster/child:106:7)
    at process.onInternalMessage (node:internal/cluster/utils:49:5)
    at process.emit (node:events:525:35)
    at emit (node:internal/child_process:937:14)
    at process.processTicksAndRejections (node:internal/process/task_queues:83:21)
Error: bind EADDRINUSE null:5000
    at listenOnPrimaryHandle (node:net:1553:18)
    at shared (node:internal/cluster/child:153:3)
    at Worker.<anonymous> (node:internal/cluster/child:106:7)
    at process.onInternalMessage (node:internal/cluster/utils:49:5)
    at process.emit (node:events:525:35)
    at emit (node:internal/child_process:937:14)
    at process.processTicksAndRejections (node:internal/process/task_queues:83:21)
Error: bind EADDRINUSE null:5000
    at listenOnPrimaryHandle (node:net:1553:18)
    at shared (node:internal/cluster/child:153:3)
    at Worker.<anonymous> (node:internal/cluster/child:106:7)
    at process.onInternalMessage (node:internal/cluster/utils:49:5)
    at process.emit (node:events:525:35)
    at emit (node:internal/child_process:937:14)
    at process.processTicksAndRejections (node:internal/process/task_queues:83:21)
Error: bind EADDRINUSE null:5000
    at listenOnPrimaryHandle (node:net:1553:18)
    at shared (node:internal/cluster/child:153:3)
    at Worker.<anonymous> (node:internal/cluster/child:106:7)
    at process.onInternalMessage (node:internal/cluster/utils:49:5)
    at process.emit (node:events:525:35)
    at emit (node:internal/child_process:937:14)
    at process.processTicksAndRejections (node:internal/process/task_queues:83:21)
Error: bind EADDRINUSE null:5000
    at listenOnPrimaryHandle (node:net:1553:18)
    at shared (node:internal/cluster/child:153:3)
    at Worker.<anonymous> (node:internal/cluster/child:106:7)
    at process.onInternalMessage (node:internal/cluster/utils:49:5)
    at process.emit (node:events:525:35)
    at emit (node:internal/child_process:937:14)
    at process.processTicksAndRejections (node:internal/process/task_queues:83:21)
Error: bind EADDRINUSE null:5000
    at listenOnPrimaryHandle (node:net:1553:18)
    at shared (node:internal/cluster/child:153:3)
    at Worker.<anonymous> (node:internal/cluster/child:106:7)
    at process.onInternalMessage (node:internal/cluster/utils:49:5)
    at process.emit (node:events:525:35)
    at emit (node:internal/child_process:937:14)
    at process.processTicksAndRejections (node:internal/process/task_queues:83:21)
Error: bind EADDRINUSE null:5000
    at listenOnPrimaryHandle (node:net:1553:18)
    at shared (node:internal/cluster/child:153:3)
    at Worker.<anonymous> (node:internal/cluster/child:106:7)
    at process.onInternalMessage (node:internal/cluster/utils:49:5)
    at process.emit (node:events:525:35)
    at emit (node:internal/child_process:937:14)
    at process.processTicksAndRejections (node:internal/process/task_queues:83:21)
Error: bind EADDRINUSE null:5000
    at listenOnPrimaryHandle (node:net:1553:18)
    at shared (node:internal/cluster/child:153:3)
    at Worker.<anonymous> (node:internal/cluster/child:106:7)
    at process.onInternalMessage (node:internal/cluster/utils:49:5)
    at process.emit (node:events:525:35)
    at emit (node:internal/child_process:937:14)
    at process.processTicksAndRejections (node:internal/process/task_queues:83:21)
Error: bind EADDRINUSE null:5000
    at listenOnPrimaryHandle (node:net:1553:18)
    at shared (node:internal/cluster/child:153:3)
    at Worker.<anonymous> (node:internal/cluster/child:106:7)
    at process.onInternalMessage (node:internal/cluster/utils:49:5)
    at process.emit (node:events:525:35)
    at emit (node:internal/child_process:937:14)
    at process.processTicksAndRejections (node:internal/process/task_queues:83:21)
Error: bind EADDRINUSE null:5000
    at listenOnPrimaryHandle (node:net:1553:18)
    at shared (node:internal/cluster/child:153:3)
    at Worker.<anonymous> (node:internal/cluster/child:106:7)
    at process.onInternalMessage (node:internal/cluster/utils:49:5)
    at process.emit (node:events:525:35)
    at emit (node:internal/child_process:937:14)
    at process.processTicksAndRejections (node:internal/process/task_queues:83:21)
Error: bind EADDRINUSE null:5000
    at listenOnPrimaryHandle (node:net:1553:18)
    at shared (node:internal/cluster/child:153:3)
    at Worker.<anonymous> (node:internal/cluster/child:106:7)
    at process.onInternalMessage (node:internal/cluster/utils:49:5)
    at process.emit (node:events:525:35)
    at emit (node:internal/child_process:937:14)
    at process.processTicksAndRejections (node:internal/process/task_queues:83:21)
Error: bind EADDRINUSE null:5000
    at listenOnPrimaryHandle (node:net:1553:18)
    at shared (node:internal/cluster/child:153:3)
    at Worker.<anonymous> (node:internal/cluster/child:106:7)
    at process.onInternalMessage (node:internal/cluster/utils:49:5)
    at process.emit (node:events:525:35)
    at emit (node:internal/child_process:937:14)
    at process.processTicksAndRejections (node:internal/process/task_queues:83:21)
Error: bind EADDRINUSE null:5000
    at listenOnPrimaryHandle (node:net:1553:18)
    at shared (node:internal/cluster/child:153:3)
    at Worker.<anonymous> (node:internal/cluster/child:106:7)
    at process.onInternalMessage (node:internal/cluster/utils:49:5)
    at process.emit (node:events:525:35)
    at emit (node:internal/child_process:937:14)
    at process.processTicksAndRejections (node:internal/process/task_queues:83:21)
Error: bind EADDRINUSE null:5000
    at listenOnPrimaryHandle (node:net:1553:18)
    at shared (node:internal/cluster/child:153:3)
    at Worker.<anonymous> (node:internal/cluster/child:106:7)
    at process.onInternalMessage (node:internal/cluster/utils:49:5)
    at process.emit (node:events:525:35)
    at emit (node:internal/child_process:937:14)
    at process.processTicksAndRejections (node:internal/process/task_queues:83:21)
Error: bind EADDRINUSE null:5000
    at listenOnPrimaryHandle (node:net:1553:18)
    at shared (node:internal/cluster/child:153:3)
    at Worker.<anonymous> (node:internal/cluster/child:106:7)
    at process.onInternalMessage (node:internal/cluster/utils:49:5)
    at process.emit (node:events:525:35)
    at emit (node:internal/child_process:937:14)
    at process.processTicksAndRejections (node:internal/process/task_queues:83:21)
Error: bind EADDRINUSE null:5000
    at listenOnPrimaryHandle (node:net:1553:18)
    at shared (node:internal/cluster/child:153:3)
    at Worker.<anonymous> (node:internal/cluster/child:106:7)
    at process.onInternalMessage (node:internal/cluster/utils:49:5)
    at process.emit (node:events:525:35)
    at emit (node:internal/child_process:937:14)
    at process.processTicksAndRejections (node:internal/process/task_queues:83:21)
Error: bind EADDRINUSE null:5000
    at listenOnPrimaryHandle (node:net:1553:18)
    at shared (node:internal/cluster/child:153:3)
    at Worker.<anonymous> (node:internal/cluster/child:106:7)
    at process.onInternalMessage (node:internal/cluster/utils:49:5)
    at process.emit (node:events:525:35)
    at emit (node:internal/child_process:937:14)
    at process.processTicksAndRejections (node:internal/process/task_queues:83:21)
Error: bind EADDRINUSE null:5000
    at listenOnPrimaryHandle (node:net:1553:18)
    at shared (node:internal/cluster/child:153:3)
    at Worker.<anonymous> (node:internal/cluster/child:106:7)
    at process.onInternalMessage (node:internal/cluster/utils:49:5)
    at process.emit (node:events:525:35)
    at emit (node:internal/child_process:937:14)
    at process.processTicksAndRejections (node:internal/process/task_queues:83:21)
Error: bind EADDRINUSE null:5000
    at listenOnPrimaryHandle (node:net:1553:18)
    at shared (node:internal/cluster/child:153:3)
    at Worker.<anonymous> (node:internal/cluster/child:106:7)
    at process.onInternalMessage (node:internal/cluster/utils:49:5)
    at process.emit (node:events:525:35)
    at emit (node:internal/child_process:937:14)
    at process.processTicksAndRejections (node:internal/process/task_queues:83:21)
Error: bind EADDRINUSE null:5000
    at listenOnPrimaryHandle (node:net:1553:18)
    at shared (node:internal/cluster/child:153:3)
    at Worker.<anonymous> (node:internal/cluster/child:106:7)
    at process.onInternalMessage (node:internal/cluster/utils:49:5)
    at process.emit (node:events:525:35)
    at emit (node:internal/child_process:937:14)
    at process.processTicksAndRejections (node:internal/process/task_queues:83:21)
Error: bind EADDRINUSE null:5000
    at listenOnPrimaryHandle (node:net:1553:18)
    at shared (node:internal/cluster/child:153:3)
    at Worker.<anonymous> (node:internal/cluster/child:106:7)
    at process.onInternalMessage (node:internal/cluster/utils:49:5)
    at process.emit (node:events:525:35)
    at emit (node:internal/child_process:937:14)
    at process.processTicksAndRejections (node:internal/process/task_queues:83:21)
Error: bind EADDRINUSE null:5000
    at listenOnPrimaryHandle (node:net:1553:18)
    at shared (node:internal/cluster/child:153:3)
    at Worker.<anonymous> (node:internal/cluster/child:106:7)
    at process.onInternalMessage (node:internal/cluster/utils:49:5)
    at process.emit (node:events:525:35)
    at emit (node:internal/child_process:937:14)
    at process.processTicksAndRejections (node:internal/process/task_queues:83:21)
Error: bind EADDRINUSE null:5000
    at listenOnPrimaryHandle (node:net:1553:18)
    at shared (node:internal/cluster/child:153:3)
    at Worker.<anonymous> (node:internal/cluster/child:106:7)
    at process.onInternalMessage (node:internal/cluster/utils:49:5)
    at process.emit (node:events:525:35)
    at emit (node:internal/child_process:937:14)
    at process.processTicksAndRejections (node:internal/process/task_queues:83:21)
Error: bind EADDRINUSE null:5000
    at listenOnPrimaryHandle (node:net:1553:18)
    at shared (node:internal/cluster/child:153:3)
    at Worker.<anonymous> (node:internal/cluster/child:106:7)
    at process.onInternalMessage (node:internal/cluster/utils:49:5)
    at process.emit (node:events:525:35)
    at emit (node:internal/child_process:937:14)
    at process.processTicksAndRejections (node:internal/process/task_queues:83:21)
Error: bind EADDRINUSE null:5000
    at listenOnPrimaryHandle (node:net:1553:18)
    at shared (node:internal/cluster/child:153:3)
    at Worker.<anonymous> (node:internal/cluster/child:106:7)
    at process.onInternalMessage (node:internal/cluster/utils:49:5)
    at process.emit (node:events:525:35)
    at emit (node:internal/child_process:937:14)
    at process.processTicksAndRejections (node:internal/process/task_queues:83:21)
Error: bind EADDRINUSE null:5000
    at listenOnPrimaryHandle (node:net:1553:18)
    at shared (node:internal/cluster/child:153:3)
    at Worker.<anonymous> (node:internal/cluster/child:106:7)
    at process.onInternalMessage (node:internal/cluster/utils:49:5)
    at process.emit (node:events:525:35)
    at emit (node:internal/child_process:937:14)
    at process.processTicksAndRejections (node:internal/process/task_queues:83:21)
Error: bind EADDRINUSE null:5000
    at listenOnPrimaryHandle (node:net:1553:18)
    at shared (node:internal/cluster/child:153:3)
    at Worker.<anonymous> (node:internal/cluster/child:106:7)
    at process.onInternalMessage (node:internal/cluster/utils:49:5)
    at process.emit (node:events:525:35)
    at emit (node:internal/child_process:937:14)
    at process.processTicksAndRejections (node:internal/process/task_queues:83:21)
Error: bind EADDRINUSE null:5000
    at listenOnPrimaryHandle (node:net:1553:18)
    at shared (node:internal/cluster/child:153:3)
    at Worker.<anonymous> (node:internal/cluster/child:106:7)
    at process.onInternalMessage (node:internal/cluster/utils:49:5)
    at process.emit (node:events:525:35)
    at emit (node:internal/child_process:937:14)
    at process.processTicksAndRejections (node:internal/process/task_queues:83:21)
Error: bind EADDRINUSE null:5000
    at listenOnPrimaryHandle (node:net:1553:18)
    at shared (node:internal/cluster/child:153:3)
    at Worker.<anonymous> (node:internal/cluster/child:106:7)
    at process.onInternalMessage (node:internal/cluster/utils:49:5)
    at process.emit (node:events:525:35)
    at emit (node:internal/child_process:937:14)
    at process.processTicksAndRejections (node:internal/process/task_queues:83:21)
Error: bind EADDRINUSE null:5000
    at listenOnPrimaryHandle (node:net:1553:18)
    at shared (node:internal/cluster/child:153:3)
    at Worker.<anonymous> (node:internal/cluster/child:106:7)
    at process.onInternalMessage (node:internal/cluster/utils:49:5)
    at process.emit (node:events:525:35)
    at emit (node:internal/child_process:937:14)
    at process.processTicksAndRejections (node:internal/process/task_queues:83:21)
Error: bind EADDRINUSE null:5000
    at listenOnPrimaryHandle (node:net:1553:18)
    at shared (node:internal/cluster/child:153:3)
    at Worker.<anonymous> (node:internal/cluster/child:106:7)
    at process.onInternalMessage (node:internal/cluster/utils:49:5)
    at process.emit (node:events:525:35)
    at emit (node:internal/child_process:937:14)
    at process.processTicksAndRejections (node:internal/process/task_queues:83:21)
Error: bind EADDRINUSE null:5000
    at listenOnPrimaryHandle (node:net:1553:18)
    at shared (node:internal/cluster/child:153:3)
    at Worker.<anonymous> (node:internal/cluster/child:106:7)
    at process.onInternalMessage (node:internal/cluster/utils:49:5)
    at process.emit (node:events:525:35)
    at emit (node:internal/child_process:937:14)
    at process.processTicksAndRejections (node:internal/process/task_queues:83:21)
Error: bind EADDRINUSE null:5000
    at listenOnPrimaryHandle (node:net:1553:18)
    at shared (node:internal/cluster/child:153:3)
    at Worker.<anonymous> (node:internal/cluster/child:106:7)
    at process.onInternalMessage (node:internal/cluster/utils:49:5)
    at process.emit (node:events:525:35)
    at emit (node:internal/child_process:937:14)
    at process.processTicksAndRejections (node:internal/process/task_queues:83:21)
Error: bind EADDRINUSE null:5000
    at listenOnPrimaryHandle (node:net:1553:18)
    at shared (node:internal/cluster/child:153:3)
    at Worker.<anonymous> (node:internal/cluster/child:106:7)
    at process.onInternalMessage (node:internal/cluster/utils:49:5)
    at process.emit (node:events:525:35)
    at emit (node:internal/child_process:937:14)
    at process.processTicksAndRejections (node:internal/process/task_queues:83:21)
Error: bind EADDRINUSE null:5000
    at listenOnPrimaryHandle (node:net:1553:18)
    at shared (node:internal/cluster/child:153:3)
    at Worker.<anonymous> (node:internal/cluster/child:106:7)
    at process.onInternalMessage (node:internal/cluster/utils:49:5)
    at process.emit (node:events:525:35)
    at emit (node:internal/child_process:937:14)
    at process.processTicksAndRejections (node:internal/process/task_queues:83:21)
Error: bind EADDRINUSE null:5000
    at listenOnPrimaryHandle (node:net:1553:18)
    at shared (node:internal/cluster/child:153:3)
    at Worker.<anonymous> (node:internal/cluster/child:106:7)
    at process.onInternalMessage (node:internal/cluster/utils:49:5)
    at process.emit (node:events:525:35)
    at emit (node:internal/child_process:937:14)
    at process.processTicksAndRejections (node:internal/process/task_queues:83:21)
Error: bind EADDRINUSE null:5000
    at listenOnPrimaryHandle (node:net:1553:18)
    at shared (node:internal/cluster/child:153:3)
    at Worker.<anonymous> (node:internal/cluster/child:106:7)
    at process.onInternalMessage (node:internal/cluster/utils:49:5)
    at process.emit (node:events:525:35)
    at emit (node:internal/child_process:937:14)
    at process.processTicksAndRejections (node:internal/process/task_queues:83:21)
Error: bind EADDRINUSE null:5000
    at listenOnPrimaryHandle (node:net:1553:18)
    at shared (node:internal/cluster/child:153:3)
    at Worker.<anonymous> (node:internal/cluster/child:106:7)
    at process.onInternalMessage (node:internal/cluster/utils:49:5)
    at process.emit (node:events:525:35)
    at emit (node:internal/child_process:937:14)
    at process.processTicksAndRejections (node:internal/process/task_queues:83:21)
Error: bind EADDRINUSE null:5000
    at listenOnPrimaryHandle (node:net:1553:18)
    at shared (node:internal/cluster/child:153:3)
    at Worker.<anonymous> (node:internal/cluster/child:106:7)
    at process.onInternalMessage (node:internal/cluster/utils:49:5)
    at process.emit (node:events:525:35)
    at emit (node:internal/child_process:937:14)
    at process.processTicksAndRejections (node:internal/process/task_queues:83:21)
Error: bind EADDRINUSE null:5000
    at listenOnPrimaryHandle (node:net:1553:18)
    at shared (node:internal/cluster/child:153:3)
    at Worker.<anonymous> (node:internal/cluster/child:106:7)
    at process.onInternalMessage (node:internal/cluster/utils:49:5)
    at process.emit (node:events:525:35)
    at emit (node:internal/child_process:937:14)
    at process.processTicksAndRejections (node:internal/process/task_queues:83:21)
Error: bind EADDRINUSE null:5000
    at listenOnPrimaryHandle (node:net:1553:18)
    at shared (node:internal/cluster/child:153:3)
    at Worker.<anonymous> (node:internal/cluster/child:106:7)
    at process.onInternalMessage (node:internal/cluster/utils:49:5)
    at process.emit (node:events:525:35)
    at emit (node:internal/child_process:937:14)
    at process.processTicksAndRejections (node:internal/process/task_queues:83:21)
Error: bind EADDRINUSE null:5000
    at listenOnPrimaryHandle (node:net:1553:18)
    at shared (node:internal/cluster/child:153:3)
    at Worker.<anonymous> (node:internal/cluster/child:106:7)
    at process.onInternalMessage (node:internal/cluster/utils:49:5)
    at process.emit (node:events:525:35)
    at emit (node:internal/child_process:937:14)
    at process.processTicksAndRejections (node:internal/process/task_queues:83:21)
Error: bind EADDRINUSE null:5000
    at listenOnPrimaryHandle (node:net:1553:18)
    at shared (node:internal/cluster/child:153:3)
    at Worker.<anonymous> (node:internal/cluster/child:106:7)
    at process.onInternalMessage (node:internal/cluster/utils:49:5)
    at process.emit (node:events:525:35)
    at emit (node:internal/child_process:937:14)
    at process.processTicksAndRejections (node:internal/process/task_queues:83:21)
Error: bind EADDRINUSE null:5000
    at listenOnPrimaryHandle (node:net:1553:18)
    at shared (node:internal/cluster/child:153:3)
    at Worker.<anonymous> (node:internal/cluster/child:106:7)
    at process.onInternalMessage (node:internal/cluster/utils:49:5)
    at process.emit (node:events:525:35)
    at emit (node:internal/child_process:937:14)
    at process.processTicksAndRejections (node:internal/process/task_queues:83:21)
Error: bind EADDRINUSE null:5000
    at listenOnPrimaryHandle (node:net:1553:18)
    at shared (node:internal/cluster/child:153:3)
    at Worker.<anonymous> (node:internal/cluster/child:106:7)
    at process.onInternalMessage (node:internal/cluster/utils:49:5)
    at process.emit (node:events:525:35)
    at emit (node:internal/child_process:937:14)
    at process.processTicksAndRejections (node:internal/process/task_queues:83:21)
Error: bind EADDRINUSE null:5000
    at listenOnPrimaryHandle (node:net:1553:18)
    at shared (node:internal/cluster/child:153:3)
    at Worker.<anonymous> (node:internal/cluster/child:106:7)
    at process.onInternalMessage (node:internal/cluster/utils:49:5)
    at process.emit (node:events:525:35)
    at emit (node:internal/child_process:937:14)
    at process.processTicksAndRejections (node:internal/process/task_queues:83:21)
Error: bind EADDRINUSE null:5000
    at listenOnPrimaryHandle (node:net:1553:18)
    at shared (node:internal/cluster/child:153:3)
    at Worker.<anonymous> (node:internal/cluster/child:106:7)
    at process.onInternalMessage (node:internal/cluster/utils:49:5)
    at process.emit (node:events:525:35)
    at emit (node:internal/child_process:937:14)
    at process.processTicksAndRejections (node:internal/process/task_queues:83:21)
Error: bind EADDRINUSE null:5000
    at listenOnPrimaryHandle (node:net:1553:18)
    at shared (node:internal/cluster/child:153:3)
    at Worker.<anonymous> (node:internal/cluster/child:106:7)
    at process.onInternalMessage (node:internal/cluster/utils:49:5)
    at process.emit (node:events:525:35)
    at emit (node:internal/child_process:937:14)
    at process.processTicksAndRejections (node:internal/process/task_queues:83:21)
Error: bind EADDRINUSE null:5000
    at listenOnPrimaryHandle (node:net:1553:18)
    at shared (node:internal/cluster/child:153:3)
    at Worker.<anonymous> (node:internal/cluster/child:106:7)
    at process.onInternalMessage (node:internal/cluster/utils:49:5)
    at process.emit (node:events:525:35)
    at emit (node:internal/child_process:937:14)
    at process.processTicksAndRejections (node:internal/process/task_queues:83:21)
Error: bind EADDRINUSE null:5000
    at listenOnPrimaryHandle (node:net:1553:18)
    at shared (node:internal/cluster/child:153:3)
    at Worker.<anonymous> (node:internal/cluster/child:106:7)
    at process.onInternalMessage (node:internal/cluster/utils:49:5)
    at process.emit (node:events:525:35)
    at emit (node:internal/child_process:937:14)
    at process.processTicksAndRejections (node:internal/process/task_queues:83:21)
Error: bind EADDRINUSE null:5000
    at listenOnPrimaryHandle (node:net:1553:18)
    at shared (node:internal/cluster/child:153:3)
    at Worker.<anonymous> (node:internal/cluster/child:106:7)
    at process.onInternalMessage (node:internal/cluster/utils:49:5)
    at process.emit (node:events:525:35)
    at emit (node:internal/child_process:937:14)
    at process.processTicksAndRejections (node:internal/process/task_queues:83:21)
Error: bind EADDRINUSE null:5000
    at listenOnPrimaryHandle (node:net:1553:18)
    at shared (node:internal/cluster/child:153:3)
    at Worker.<anonymous> (node:internal/cluster/child:106:7)
    at process.onInternalMessage (node:internal/cluster/utils:49:5)
    at process.emit (node:events:525:35)
    at emit (node:internal/child_process:937:14)
    at process.processTicksAndRejections (node:internal/process/task_queues:83:21)
Error: bind EADDRINUSE null:5000
    at listenOnPrimaryHandle (node:net:1553:18)
    at shared (node:internal/cluster/child:153:3)
    at Worker.<anonymous> (node:internal/cluster/child:106:7)
    at process.onInternalMessage (node:internal/cluster/utils:49:5)
    at process.emit (node:events:525:35)
    at emit (node:internal/child_process:937:14)
    at process.processTicksAndRejections (node:internal/process/task_queues:83:21)
2025-04-08T17:23:41: ✅ Database connected successfully
Error: bind EADDRINUSE null:5000
    at listenOnPrimaryHandle (node:net:1553:18)
    at shared (node:internal/cluster/child:153:3)
    at Worker.<anonymous> (node:internal/cluster/child:106:7)
    at process.onInternalMessage (node:internal/cluster/utils:49:5)
    at process.emit (node:events:525:35)
    at emit (node:internal/child_process:937:14)
    at process.processTicksAndRejections (node:internal/process/task_queues:83:21)
Error: bind EADDRINUSE null:5000
    at listenOnPrimaryHandle (node:net:1553:18)
    at shared (node:internal/cluster/child:153:3)
    at Worker.<anonymous> (node:internal/cluster/child:106:7)
    at process.onInternalMessage (node:internal/cluster/utils:49:5)
    at process.emit (node:events:525:35)
    at emit (node:internal/child_process:937:14)
    at process.processTicksAndRejections (node:internal/process/task_queues:83:21)
Error: bind EADDRINUSE null:5000
    at listenOnPrimaryHandle (node:net:1553:18)
    at shared (node:internal/cluster/child:153:3)
    at Worker.<anonymous> (node:internal/cluster/child:106:7)
    at process.onInternalMessage (node:internal/cluster/utils:49:5)
    at process.emit (node:events:525:35)
    at emit (node:internal/child_process:937:14)
    at process.processTicksAndRejections (node:internal/process/task_queues:83:21)
Error: bind EADDRINUSE null:5000
    at listenOnPrimaryHandle (node:net:1553:18)
    at shared (node:internal/cluster/child:153:3)
    at Worker.<anonymous> (node:internal/cluster/child:106:7)
    at process.onInternalMessage (node:internal/cluster/utils:49:5)
    at process.emit (node:events:525:35)
    at emit (node:internal/child_process:937:14)
    at process.processTicksAndRejections (node:internal/process/task_queues:83:21)
Error: bind EADDRINUSE null:5000
    at listenOnPrimaryHandle (node:net:1553:18)
    at shared (node:internal/cluster/child:153:3)
    at Worker.<anonymous> (node:internal/cluster/child:106:7)
    at process.onInternalMessage (node:internal/cluster/utils:49:5)
    at process.emit (node:events:525:35)
    at emit (node:internal/child_process:937:14)
    at process.processTicksAndRejections (node:internal/process/task_queues:83:21)
Error: bind EADDRINUSE null:5000
    at listenOnPrimaryHandle (node:net:1553:18)
    at shared (node:internal/cluster/child:153:3)
    at Worker.<anonymous> (node:internal/cluster/child:106:7)
    at process.onInternalMessage (node:internal/cluster/utils:49:5)
    at process.emit (node:events:525:35)
    at emit (node:internal/child_process:937:14)
    at process.processTicksAndRejections (node:internal/process/task_queues:83:21)
Error: bind EADDRINUSE null:5000
    at listenOnPrimaryHandle (node:net:1553:18)
    at shared (node:internal/cluster/child:153:3)
    at Worker.<anonymous> (node:internal/cluster/child:106:7)
    at process.onInternalMessage (node:internal/cluster/utils:49:5)
    at process.emit (node:events:525:35)
    at emit (node:internal/child_process:937:14)
    at process.processTicksAndRejections (node:internal/process/task_queues:83:21)
Error: bind EADDRINUSE null:5000
    at listenOnPrimaryHandle (node:net:1553:18)
    at shared (node:internal/cluster/child:153:3)
    at Worker.<anonymous> (node:internal/cluster/child:106:7)
    at process.onInternalMessage (node:internal/cluster/utils:49:5)
    at process.emit (node:events:525:35)
    at emit (node:internal/child_process:937:14)
    at process.processTicksAndRejections (node:internal/process/task_queues:83:21)
Error: bind EADDRINUSE null:5000
    at listenOnPrimaryHandle (node:net:1553:18)
    at shared (node:internal/cluster/child:153:3)
    at Worker.<anonymous> (node:internal/cluster/child:106:7)
    at process.onInternalMessage (node:internal/cluster/utils:49:5)
    at process.emit (node:events:525:35)
    at emit (node:internal/child_process:937:14)
    at process.processTicksAndRejections (node:internal/process/task_queues:83:21)
Error: bind EADDRINUSE null:5000
    at listenOnPrimaryHandle (node:net:1553:18)
    at shared (node:internal/cluster/child:153:3)
    at Worker.<anonymous> (node:internal/cluster/child:106:7)
    at process.onInternalMessage (node:internal/cluster/utils:49:5)
    at process.emit (node:events:525:35)
    at emit (node:internal/child_process:937:14)
    at process.processTicksAndRejections (node:internal/process/task_queues:83:21)
Error: bind EADDRINUSE null:5000
    at listenOnPrimaryHandle (node:net:1553:18)
    at shared (node:internal/cluster/child:153:3)
    at Worker.<anonymous> (node:internal/cluster/child:106:7)
    at process.onInternalMessage (node:internal/cluster/utils:49:5)
    at process.emit (node:events:525:35)
    at emit (node:internal/child_process:937:14)
    at process.processTicksAndRejections (node:internal/process/task_queues:83:21)
Error: bind EADDRINUSE null:5000
    at listenOnPrimaryHandle (node:net:1553:18)
    at shared (node:internal/cluster/child:153:3)
    at Worker.<anonymous> (node:internal/cluster/child:106:7)
    at process.onInternalMessage (node:internal/cluster/utils:49:5)
    at process.emit (node:events:525:35)
    at emit (node:internal/child_process:937:14)
    at process.processTicksAndRejections (node:internal/process/task_queues:83:21)
Error: bind EADDRINUSE null:5000
    at listenOnPrimaryHandle (node:net:1553:18)
    at shared (node:internal/cluster/child:153:3)
    at Worker.<anonymous> (node:internal/cluster/child:106:7)
    at process.onInternalMessage (node:internal/cluster/utils:49:5)
    at process.emit (node:events:525:35)
    at emit (node:internal/child_process:937:14)
    at process.processTicksAndRejections (node:internal/process/task_queues:83:21)
Error: bind EADDRINUSE null:5000
    at listenOnPrimaryHandle (node:net:1553:18)
    at shared (node:internal/cluster/child:153:3)
    at Worker.<anonymous> (node:internal/cluster/child:106:7)
    at process.onInternalMessage (node:internal/cluster/utils:49:5)
    at process.emit (node:events:525:35)
    at emit (node:internal/child_process:937:14)
    at process.processTicksAndRejections (node:internal/process/task_queues:83:21)
Error: bind EADDRINUSE null:5000
    at listenOnPrimaryHandle (node:net:1553:18)
    at shared (node:internal/cluster/child:153:3)
    at Worker.<anonymous> (node:internal/cluster/child:106:7)
    at process.onInternalMessage (node:internal/cluster/utils:49:5)
    at process.emit (node:events:525:35)
    at emit (node:internal/child_process:937:14)
    at process.processTicksAndRejections (node:internal/process/task_queues:83:21)
2025-04-08T17:24:31: 🔐 HTTPS server running at https://localhost:5000
2025-04-08T17:24:31: ✅ Database connected successfully
2025-04-08T17:24:53: 🔐 HTTPS server running at https://localhost:5000
2025-04-08T17:24:53: ✅ Database connected successfully
2025-04-08T17:28:38: 🔐 HTTPS server running at https://localhost:5000
2025-04-08T17:28:38: ✅ Database connected successfully
Error: bind EADDRINUSE null:5001
    at listenOnPrimaryHandle (node:net:1553:18)
    at shared (node:internal/cluster/child:153:3)
    at Worker.<anonymous> (node:internal/cluster/child:106:7)
    at process.onInternalMessage (node:internal/cluster/utils:49:5)
    at process.emit (node:events:525:35)
    at emit (node:internal/child_process:937:14)
    at process.processTicksAndRejections (node:internal/process/task_queues:83:21)
Error: bind EADDRINUSE null:5001
    at listenOnPrimaryHandle (node:net:1553:18)
    at shared (node:internal/cluster/child:153:3)
    at Worker.<anonymous> (node:internal/cluster/child:106:7)
    at process.onInternalMessage (node:internal/cluster/utils:49:5)
    at process.emit (node:events:525:35)
    at emit (node:internal/child_process:937:14)
    at process.processTicksAndRejections (node:internal/process/task_queues:83:21)
Error: bind EADDRINUSE null:5001
    at listenOnPrimaryHandle (node:net:1553:18)
    at shared (node:internal/cluster/child:153:3)
    at Worker.<anonymous> (node:internal/cluster/child:106:7)
    at process.onInternalMessage (node:internal/cluster/utils:49:5)
    at process.emit (node:events:525:35)
    at emit (node:internal/child_process:937:14)
    at process.processTicksAndRejections (node:internal/process/task_queues:83:21)
Error: bind EADDRINUSE null:5001
    at listenOnPrimaryHandle (node:net:1553:18)
    at shared (node:internal/cluster/child:153:3)
    at Worker.<anonymous> (node:internal/cluster/child:106:7)
    at process.onInternalMessage (node:internal/cluster/utils:49:5)
    at process.emit (node:events:525:35)
    at emit (node:internal/child_process:937:14)
    at process.processTicksAndRejections (node:internal/process/task_queues:83:21)
Error: bind EADDRINUSE null:5001
    at listenOnPrimaryHandle (node:net:1553:18)
    at shared (node:internal/cluster/child:153:3)
    at Worker.<anonymous> (node:internal/cluster/child:106:7)
    at process.onInternalMessage (node:internal/cluster/utils:49:5)
    at process.emit (node:events:525:35)
    at emit (node:internal/child_process:937:14)
    at process.processTicksAndRejections (node:internal/process/task_queues:83:21)
Error: bind EADDRINUSE null:5001
    at listenOnPrimaryHandle (node:net:1553:18)
    at shared (node:internal/cluster/child:153:3)
    at Worker.<anonymous> (node:internal/cluster/child:106:7)
    at process.onInternalMessage (node:internal/cluster/utils:49:5)
    at process.emit (node:events:525:35)
    at emit (node:internal/child_process:937:14)
    at process.processTicksAndRejections (node:internal/process/task_queues:83:21)
2025-04-08T17:33:16: ✅ Database connected successfully
Error: bind EADDRINUSE null:5001
    at listenOnPrimaryHandle (node:net:1553:18)
    at shared (node:internal/cluster/child:153:3)
    at Worker.<anonymous> (node:internal/cluster/child:106:7)
    at process.onInternalMessage (node:internal/cluster/utils:49:5)
    at process.emit (node:events:525:35)
    at emit (node:internal/child_process:937:14)
    at process.processTicksAndRejections (node:internal/process/task_queues:83:21)
Error: bind EADDRINUSE null:5001
    at listenOnPrimaryHandle (node:net:1553:18)
    at shared (node:internal/cluster/child:153:3)
    at Worker.<anonymous> (node:internal/cluster/child:106:7)
    at process.onInternalMessage (node:internal/cluster/utils:49:5)
    at process.emit (node:events:525:35)
    at emit (node:internal/child_process:937:14)
    at process.processTicksAndRejections (node:internal/process/task_queues:83:21)
Error: bind EADDRINUSE null:5001
    at listenOnPrimaryHandle (node:net:1553:18)
    at shared (node:internal/cluster/child:153:3)
    at Worker.<anonymous> (node:internal/cluster/child:106:7)
    at process.onInternalMessage (node:internal/cluster/utils:49:5)
    at process.emit (node:events:525:35)
    at emit (node:internal/child_process:937:14)
    at process.processTicksAndRejections (node:internal/process/task_queues:83:21)
Error: bind EADDRINUSE null:5001
    at listenOnPrimaryHandle (node:net:1553:18)
    at shared (node:internal/cluster/child:153:3)
    at Worker.<anonymous> (node:internal/cluster/child:106:7)
    at process.onInternalMessage (node:internal/cluster/utils:49:5)
    at process.emit (node:events:525:35)
    at emit (node:internal/child_process:937:14)
    at process.processTicksAndRejections (node:internal/process/task_queues:83:21)
Error: bind EADDRINUSE null:5001
    at listenOnPrimaryHandle (node:net:1553:18)
    at shared (node:internal/cluster/child:153:3)
    at Worker.<anonymous> (node:internal/cluster/child:106:7)
    at process.onInternalMessage (node:internal/cluster/utils:49:5)
    at process.emit (node:events:525:35)
    at emit (node:internal/child_process:937:14)
    at process.processTicksAndRejections (node:internal/process/task_queues:83:21)
Error: bind EADDRINUSE null:5001
    at listenOnPrimaryHandle (node:net:1553:18)
    at shared (node:internal/cluster/child:153:3)
    at Worker.<anonymous> (node:internal/cluster/child:106:7)
    at process.onInternalMessage (node:internal/cluster/utils:49:5)
    at process.emit (node:events:525:35)
    at emit (node:internal/child_process:937:14)
    at process.processTicksAndRejections (node:internal/process/task_queues:83:21)
2025-04-08T17:33:33: ✅ Database connected successfully
Error: bind EADDRINUSE null:5001
    at listenOnPrimaryHandle (node:net:1553:18)
    at shared (node:internal/cluster/child:153:3)
    at Worker.<anonymous> (node:internal/cluster/child:106:7)
    at process.onInternalMessage (node:internal/cluster/utils:49:5)
    at process.emit (node:events:525:35)
    at emit (node:internal/child_process:937:14)
    at process.processTicksAndRejections (node:internal/process/task_queues:83:21)
Error: bind EADDRINUSE null:5001
    at listenOnPrimaryHandle (node:net:1553:18)
    at shared (node:internal/cluster/child:153:3)
    at Worker.<anonymous> (node:internal/cluster/child:106:7)
    at process.onInternalMessage (node:internal/cluster/utils:49:5)
    at process.emit (node:events:525:35)
    at emit (node:internal/child_process:937:14)
    at process.processTicksAndRejections (node:internal/process/task_queues:83:21)
Error: bind EADDRINUSE null:5001
    at listenOnPrimaryHandle (node:net:1553:18)
    at shared (node:internal/cluster/child:153:3)
    at Worker.<anonymous> (node:internal/cluster/child:106:7)
    at process.onInternalMessage (node:internal/cluster/utils:49:5)
    at process.emit (node:events:525:35)
    at emit (node:internal/child_process:937:14)
    at process.processTicksAndRejections (node:internal/process/task_queues:83:21)
Error: bind EADDRINUSE null:5001
    at listenOnPrimaryHandle (node:net:1553:18)
    at shared (node:internal/cluster/child:153:3)
    at Worker.<anonymous> (node:internal/cluster/child:106:7)
    at process.onInternalMessage (node:internal/cluster/utils:49:5)
    at process.emit (node:events:525:35)
    at emit (node:internal/child_process:937:14)
    at process.processTicksAndRejections (node:internal/process/task_queues:83:21)
Error: bind EADDRINUSE null:5001
    at listenOnPrimaryHandle (node:net:1553:18)
    at shared (node:internal/cluster/child:153:3)
    at Worker.<anonymous> (node:internal/cluster/child:106:7)
    at process.onInternalMessage (node:internal/cluster/utils:49:5)
    at process.emit (node:events:525:35)
    at emit (node:internal/child_process:937:14)
    at process.processTicksAndRejections (node:internal/process/task_queues:83:21)
Error: bind EADDRINUSE null:5001
    at listenOnPrimaryHandle (node:net:1553:18)
    at shared (node:internal/cluster/child:153:3)
    at Worker.<anonymous> (node:internal/cluster/child:106:7)
    at process.onInternalMessage (node:internal/cluster/utils:49:5)
    at process.emit (node:events:525:35)
    at emit (node:internal/child_process:937:14)
    at process.processTicksAndRejections (node:internal/process/task_queues:83:21)
Error: bind EADDRINUSE null:5001
    at listenOnPrimaryHandle (node:net:1553:18)
    at shared (node:internal/cluster/child:153:3)
    at Worker.<anonymous> (node:internal/cluster/child:106:7)
    at process.onInternalMessage (node:internal/cluster/utils:49:5)
    at process.emit (node:events:525:35)
    at emit (node:internal/child_process:937:14)
    at process.processTicksAndRejections (node:internal/process/task_queues:83:21)
Error: bind EADDRINUSE null:5001
    at listenOnPrimaryHandle (node:net:1553:18)
    at shared (node:internal/cluster/child:153:3)
    at Worker.<anonymous> (node:internal/cluster/child:106:7)
    at process.onInternalMessage (node:internal/cluster/utils:49:5)
    at process.emit (node:events:525:35)
    at emit (node:internal/child_process:937:14)
    at process.processTicksAndRejections (node:internal/process/task_queues:83:21)
Error: bind EADDRINUSE null:5001
    at listenOnPrimaryHandle (node:net:1553:18)
    at shared (node:internal/cluster/child:153:3)
    at Worker.<anonymous> (node:internal/cluster/child:106:7)
    at process.onInternalMessage (node:internal/cluster/utils:49:5)
    at process.emit (node:events:525:35)
    at emit (node:internal/child_process:937:14)
    at process.processTicksAndRejections (node:internal/process/task_queues:83:21)
Error: bind EADDRINUSE null:5001
    at listenOnPrimaryHandle (node:net:1553:18)
    at shared (node:internal/cluster/child:153:3)
    at Worker.<anonymous> (node:internal/cluster/child:106:7)
    at process.onInternalMessage (node:internal/cluster/utils:49:5)
    at process.emit (node:events:525:35)
    at emit (node:internal/child_process:937:14)
    at process.processTicksAndRejections (node:internal/process/task_queues:83:21)
Error: bind EADDRINUSE null:5001
    at listenOnPrimaryHandle (node:net:1553:18)
    at shared (node:internal/cluster/child:153:3)
    at Worker.<anonymous> (node:internal/cluster/child:106:7)
    at process.onInternalMessage (node:internal/cluster/utils:49:5)
    at process.emit (node:events:525:35)
    at emit (node:internal/child_process:937:14)
    at process.processTicksAndRejections (node:internal/process/task_queues:83:21)
Error: bind EADDRINUSE null:5001
    at listenOnPrimaryHandle (node:net:1553:18)
    at shared (node:internal/cluster/child:153:3)
    at Worker.<anonymous> (node:internal/cluster/child:106:7)
    at process.onInternalMessage (node:internal/cluster/utils:49:5)
    at process.emit (node:events:525:35)
    at emit (node:internal/child_process:937:14)
    at process.processTicksAndRejections (node:internal/process/task_queues:83:21)
Error: bind EADDRINUSE null:5001
    at listenOnPrimaryHandle (node:net:1553:18)
    at shared (node:internal/cluster/child:153:3)
    at Worker.<anonymous> (node:internal/cluster/child:106:7)
    at process.onInternalMessage (node:internal/cluster/utils:49:5)
    at process.emit (node:events:525:35)
    at emit (node:internal/child_process:937:14)
    at process.processTicksAndRejections (node:internal/process/task_queues:83:21)
Error: bind EADDRINUSE null:5001
    at listenOnPrimaryHandle (node:net:1553:18)
    at shared (node:internal/cluster/child:153:3)
    at Worker.<anonymous> (node:internal/cluster/child:106:7)
    at process.onInternalMessage (node:internal/cluster/utils:49:5)
    at process.emit (node:events:525:35)
    at emit (node:internal/child_process:937:14)
    at process.processTicksAndRejections (node:internal/process/task_queues:83:21)
Error: bind EADDRINUSE null:5001
    at listenOnPrimaryHandle (node:net:1553:18)
    at shared (node:internal/cluster/child:153:3)
    at Worker.<anonymous> (node:internal/cluster/child:106:7)
    at process.onInternalMessage (node:internal/cluster/utils:49:5)
    at process.emit (node:events:525:35)
    at emit (node:internal/child_process:937:14)
    at process.processTicksAndRejections (node:internal/process/task_queues:83:21)
Error: bind EADDRINUSE null:5001
    at listenOnPrimaryHandle (node:net:1553:18)
    at shared (node:internal/cluster/child:153:3)
    at Worker.<anonymous> (node:internal/cluster/child:106:7)
    at process.onInternalMessage (node:internal/cluster/utils:49:5)
    at process.emit (node:events:525:35)
    at emit (node:internal/child_process:937:14)
    at process.processTicksAndRejections (node:internal/process/task_queues:83:21)
Error: bind EADDRINUSE null:5001
    at listenOnPrimaryHandle (node:net:1553:18)
    at shared (node:internal/cluster/child:153:3)
    at Worker.<anonymous> (node:internal/cluster/child:106:7)
    at process.onInternalMessage (node:internal/cluster/utils:49:5)
    at process.emit (node:events:525:35)
    at emit (node:internal/child_process:937:14)
    at process.processTicksAndRejections (node:internal/process/task_queues:83:21)
Error: bind EADDRINUSE null:5001
    at listenOnPrimaryHandle (node:net:1553:18)
    at shared (node:internal/cluster/child:153:3)
    at Worker.<anonymous> (node:internal/cluster/child:106:7)
    at process.onInternalMessage (node:internal/cluster/utils:49:5)
    at process.emit (node:events:525:35)
    at emit (node:internal/child_process:937:14)
    at process.processTicksAndRejections (node:internal/process/task_queues:83:21)
2025-04-08T17:34:25: 🔐 HTTPS server running at https://localhost:500
2025-04-08T17:34:25: ✅ Database connected successfully
2025-04-08T17:34:30: 🔐 HTTPS server running at https://localhost:5000
2025-04-08T17:34:30: ✅ Database connected successfully
Error: bind EADDRINUSE null:5001
    at listenOnPrimaryHandle (node:net:1553:18)
    at shared (node:internal/cluster/child:153:3)
    at Worker.<anonymous> (node:internal/cluster/child:106:7)
    at process.onInternalMessage (node:internal/cluster/utils:49:5)
    at process.emit (node:events:525:35)
    at emit (node:internal/child_process:937:14)
    at process.processTicksAndRejections (node:internal/process/task_queues:83:21)
Error: bind EADDRINUSE null:5001
    at listenOnPrimaryHandle (node:net:1553:18)
    at shared (node:internal/cluster/child:153:3)
    at Worker.<anonymous> (node:internal/cluster/child:106:7)
    at process.onInternalMessage (node:internal/cluster/utils:49:5)
    at process.emit (node:events:525:35)
    at emit (node:internal/child_process:937:14)
    at process.processTicksAndRejections (node:internal/process/task_queues:83:21)
Error: bind EADDRINUSE null:5001
    at listenOnPrimaryHandle (node:net:1553:18)
    at shared (node:internal/cluster/child:153:3)
    at Worker.<anonymous> (node:internal/cluster/child:106:7)
    at process.onInternalMessage (node:internal/cluster/utils:49:5)
    at process.emit (node:events:525:35)
    at emit (node:internal/child_process:937:14)
    at process.processTicksAndRejections (node:internal/process/task_queues:83:21)
Error: bind EADDRINUSE null:5001
    at listenOnPrimaryHandle (node:net:1553:18)
    at shared (node:internal/cluster/child:153:3)
    at Worker.<anonymous> (node:internal/cluster/child:106:7)
    at process.onInternalMessage (node:internal/cluster/utils:49:5)
    at process.emit (node:events:525:35)
    at emit (node:internal/child_process:937:14)
    at process.processTicksAndRejections (node:internal/process/task_queues:83:21)
Error: bind EADDRINUSE null:5001
    at listenOnPrimaryHandle (node:net:1553:18)
    at shared (node:internal/cluster/child:153:3)
    at Worker.<anonymous> (node:internal/cluster/child:106:7)
    at process.onInternalMessage (node:internal/cluster/utils:49:5)
    at process.emit (node:events:525:35)
    at emit (node:internal/child_process:937:14)
    at process.processTicksAndRejections (node:internal/process/task_queues:83:21)
Error: bind EADDRINUSE null:5001
    at listenOnPrimaryHandle (node:net:1553:18)
    at shared (node:internal/cluster/child:153:3)
    at Worker.<anonymous> (node:internal/cluster/child:106:7)
    at process.onInternalMessage (node:internal/cluster/utils:49:5)
    at process.emit (node:events:525:35)
    at emit (node:internal/child_process:937:14)
    at process.processTicksAndRejections (node:internal/process/task_queues:83:21)
Error: bind EADDRINUSE null:5001
    at listenOnPrimaryHandle (node:net:1553:18)
    at shared (node:internal/cluster/child:153:3)
    at Worker.<anonymous> (node:internal/cluster/child:106:7)
    at process.onInternalMessage (node:internal/cluster/utils:49:5)
    at process.emit (node:events:525:35)
    at emit (node:internal/child_process:937:14)
    at process.processTicksAndRejections (node:internal/process/task_queues:83:21)
2025-04-08T17:35:01: 🔐 HTTPS server running at https://localhost:5001
2025-04-08T17:35:01: ✅ Database connected successfully
2025-04-08T17:35:07: 🔐 HTTPS server running at https://localhost:5001
2025-04-08T17:35:07: ✅ Database connected successfully
2025-04-08T17:35:15: 🔐 HTTPS server running at https://localhost:5001
2025-04-08T17:35:15: ✅ Database connected successfully
Error: bind EADDRINUSE null:5000
    at listenOnPrimaryHandle (node:net:1553:18)
    at shared (node:internal/cluster/child:153:3)
    at Worker.<anonymous> (node:internal/cluster/child:106:7)
    at process.onInternalMessage (node:internal/cluster/utils:49:5)
    at process.emit (node:events:525:35)
    at emit (node:internal/child_process:937:14)
    at process.processTicksAndRejections (node:internal/process/task_queues:83:21)
Error: bind EADDRINUSE null:5000
    at listenOnPrimaryHandle (node:net:1553:18)
    at shared (node:internal/cluster/child:153:3)
    at Worker.<anonymous> (node:internal/cluster/child:106:7)
    at process.onInternalMessage (node:internal/cluster/utils:49:5)
    at process.emit (node:events:525:35)
    at emit (node:internal/child_process:937:14)
    at process.processTicksAndRejections (node:internal/process/task_queues:83:21)
Error: bind EADDRINUSE null:5000
    at listenOnPrimaryHandle (node:net:1553:18)
    at shared (node:internal/cluster/child:153:3)
    at Worker.<anonymous> (node:internal/cluster/child:106:7)
    at process.onInternalMessage (node:internal/cluster/utils:49:5)
    at process.emit (node:events:525:35)
    at emit (node:internal/child_process:937:14)
    at process.processTicksAndRejections (node:internal/process/task_queues:83:21)
Error: bind EADDRINUSE null:5000
    at listenOnPrimaryHandle (node:net:1553:18)
    at shared (node:internal/cluster/child:153:3)
    at Worker.<anonymous> (node:internal/cluster/child:106:7)
    at process.onInternalMessage (node:internal/cluster/utils:49:5)
    at process.emit (node:events:525:35)
    at emit (node:internal/child_process:937:14)
    at process.processTicksAndRejections (node:internal/process/task_queues:83:21)
Error: bind EADDRINUSE null:5000
    at listenOnPrimaryHandle (node:net:1553:18)
    at shared (node:internal/cluster/child:153:3)
    at Worker.<anonymous> (node:internal/cluster/child:106:7)
    at process.onInternalMessage (node:internal/cluster/utils:49:5)
    at process.emit (node:events:525:35)
    at emit (node:internal/child_process:937:14)
    at process.processTicksAndRejections (node:internal/process/task_queues:83:21)
Error: bind EADDRINUSE null:5000
    at listenOnPrimaryHandle (node:net:1553:18)
    at shared (node:internal/cluster/child:153:3)
    at Worker.<anonymous> (node:internal/cluster/child:106:7)
    at process.onInternalMessage (node:internal/cluster/utils:49:5)
    at process.emit (node:events:525:35)
    at emit (node:internal/child_process:937:14)
    at process.processTicksAndRejections (node:internal/process/task_queues:83:21)
Error: bind EADDRINUSE null:5000
    at listenOnPrimaryHandle (node:net:1553:18)
    at shared (node:internal/cluster/child:153:3)
    at Worker.<anonymous> (node:internal/cluster/child:106:7)
    at process.onInternalMessage (node:internal/cluster/utils:49:5)
    at process.emit (node:events:525:35)
    at emit (node:internal/child_process:937:14)
    at process.processTicksAndRejections (node:internal/process/task_queues:83:21)
Error: bind EADDRINUSE null:5000
    at listenOnPrimaryHandle (node:net:1553:18)
    at shared (node:internal/cluster/child:153:3)
    at Worker.<anonymous> (node:internal/cluster/child:106:7)
    at process.onInternalMessage (node:internal/cluster/utils:49:5)
    at process.emit (node:events:525:35)
    at emit (node:internal/child_process:937:14)
    at process.processTicksAndRejections (node:internal/process/task_queues:83:21)
Error: bind EADDRINUSE null:5000
    at listenOnPrimaryHandle (node:net:1553:18)
    at shared (node:internal/cluster/child:153:3)
    at Worker.<anonymous> (node:internal/cluster/child:106:7)
    at process.onInternalMessage (node:internal/cluster/utils:49:5)
    at process.emit (node:events:525:35)
    at emit (node:internal/child_process:937:14)
    at process.processTicksAndRejections (node:internal/process/task_queues:83:21)
Error: bind EADDRINUSE null:5000
    at listenOnPrimaryHandle (node:net:1553:18)
    at shared (node:internal/cluster/child:153:3)
    at Worker.<anonymous> (node:internal/cluster/child:106:7)
    at process.onInternalMessage (node:internal/cluster/utils:49:5)
    at process.emit (node:events:525:35)
    at emit (node:internal/child_process:937:14)
    at process.processTicksAndRejections (node:internal/process/task_queues:83:21)
Error: bind EADDRINUSE null:5000
    at listenOnPrimaryHandle (node:net:1553:18)
    at shared (node:internal/cluster/child:153:3)
    at Worker.<anonymous> (node:internal/cluster/child:106:7)
    at process.onInternalMessage (node:internal/cluster/utils:49:5)
    at process.emit (node:events:525:35)
    at emit (node:internal/child_process:937:14)
    at process.processTicksAndRejections (node:internal/process/task_queues:83:21)
Error: bind EADDRINUSE null:5000
    at listenOnPrimaryHandle (node:net:1553:18)
    at shared (node:internal/cluster/child:153:3)
    at Worker.<anonymous> (node:internal/cluster/child:106:7)
    at process.onInternalMessage (node:internal/cluster/utils:49:5)
    at process.emit (node:events:525:35)
    at emit (node:internal/child_process:937:14)
    at process.processTicksAndRejections (node:internal/process/task_queues:83:21)
Error: bind EADDRINUSE null:5000
    at listenOnPrimaryHandle (node:net:1553:18)
    at shared (node:internal/cluster/child:153:3)
    at Worker.<anonymous> (node:internal/cluster/child:106:7)
    at process.onInternalMessage (node:internal/cluster/utils:49:5)
    at process.emit (node:events:525:35)
    at emit (node:internal/child_process:937:14)
    at process.processTicksAndRejections (node:internal/process/task_queues:83:21)
Error: bind EADDRINUSE null:5000
    at listenOnPrimaryHandle (node:net:1553:18)
    at shared (node:internal/cluster/child:153:3)
    at Worker.<anonymous> (node:internal/cluster/child:106:7)
    at process.onInternalMessage (node:internal/cluster/utils:49:5)
    at process.emit (node:events:525:35)
    at emit (node:internal/child_process:937:14)
    at process.processTicksAndRejections (node:internal/process/task_queues:83:21)
Error: bind EADDRINUSE null:5000
    at listenOnPrimaryHandle (node:net:1553:18)
    at shared (node:internal/cluster/child:153:3)
    at Worker.<anonymous> (node:internal/cluster/child:106:7)
    at process.onInternalMessage (node:internal/cluster/utils:49:5)
    at process.emit (node:events:525:35)
    at emit (node:internal/child_process:937:14)
    at process.processTicksAndRejections (node:internal/process/task_queues:83:21)
Error: bind EADDRINUSE null:5000
    at listenOnPrimaryHandle (node:net:1553:18)
    at shared (node:internal/cluster/child:153:3)
    at Worker.<anonymous> (node:internal/cluster/child:106:7)
    at process.onInternalMessage (node:internal/cluster/utils:49:5)
    at process.emit (node:events:525:35)
    at emit (node:internal/child_process:937:14)
    at process.processTicksAndRejections (node:internal/process/task_queues:83:21)
2025-04-08T17:36:13: 🔐 HTTPS server running at https://localhost:5000
2025-04-08T17:36:13: ✅ Database connected successfully
2025-04-08T17:36:28: 🔐 HTTPS server running at https://localhost:5000
2025-04-08T17:36:28: ✅ Database connected successfully
Error: bind EADDRINUSE null:5001
    at listenOnPrimaryHandle (node:net:1553:18)
    at shared (node:internal/cluster/child:153:3)
    at Worker.<anonymous> (node:internal/cluster/child:106:7)
    at process.onInternalMessage (node:internal/cluster/utils:49:5)
    at process.emit (node:events:525:35)
    at emit (node:internal/child_process:937:14)
    at process.processTicksAndRejections (node:internal/process/task_queues:83:21)
Error: bind EADDRINUSE null:5001
    at listenOnPrimaryHandle (node:net:1553:18)
    at shared (node:internal/cluster/child:153:3)
    at Worker.<anonymous> (node:internal/cluster/child:106:7)
    at process.onInternalMessage (node:internal/cluster/utils:49:5)
    at process.emit (node:events:525:35)
    at emit (node:internal/child_process:937:14)
    at process.processTicksAndRejections (node:internal/process/task_queues:83:21)
Error: bind EADDRINUSE null:5001
    at listenOnPrimaryHandle (node:net:1553:18)
    at shared (node:internal/cluster/child:153:3)
    at Worker.<anonymous> (node:internal/cluster/child:106:7)
    at process.onInternalMessage (node:internal/cluster/utils:49:5)
    at process.emit (node:events:525:35)
    at emit (node:internal/child_process:937:14)
    at process.processTicksAndRejections (node:internal/process/task_queues:83:21)
2025-04-08T17:42:12: 🔐 HTTPS server running at https://localhost:5001
2025-04-08T17:42:12: ✅ Database connected successfully
2025-04-08T17:42:19: 🔐 HTTPS server running at https://localhost:5001
2025-04-08T17:42:19: ✅ Database connected successfully
2025-04-08T17:42:25: 🔐 HTTPS server running at https://localhost:5001
2025-04-08T17:42:25: ✅ Database connected successfully
Error: bind EADDRINUSE null:5000
    at listenOnPrimaryHandle (node:net:1553:18)
    at shared (node:internal/cluster/child:153:3)
    at Worker.<anonymous> (node:internal/cluster/child:106:7)
    at process.onInternalMessage (node:internal/cluster/utils:49:5)
    at process.emit (node:events:525:35)
    at emit (node:internal/child_process:937:14)
    at process.processTicksAndRejections (node:internal/process/task_queues:83:21)
Error: bind EADDRINUSE null:5000
    at listenOnPrimaryHandle (node:net:1553:18)
    at shared (node:internal/cluster/child:153:3)
    at Worker.<anonymous> (node:internal/cluster/child:106:7)
    at process.onInternalMessage (node:internal/cluster/utils:49:5)
    at process.emit (node:events:525:35)
    at emit (node:internal/child_process:937:14)
    at process.processTicksAndRejections (node:internal/process/task_queues:83:21)
Error: bind EADDRINUSE null:5000
    at listenOnPrimaryHandle (node:net:1553:18)
    at shared (node:internal/cluster/child:153:3)
    at Worker.<anonymous> (node:internal/cluster/child:106:7)
    at process.onInternalMessage (node:internal/cluster/utils:49:5)
    at process.emit (node:events:525:35)
    at emit (node:internal/child_process:937:14)
    at process.processTicksAndRejections (node:internal/process/task_queues:83:21)
Error: bind EADDRINUSE null:5000
    at listenOnPrimaryHandle (node:net:1553:18)
    at shared (node:internal/cluster/child:153:3)
    at Worker.<anonymous> (node:internal/cluster/child:106:7)
    at process.onInternalMessage (node:internal/cluster/utils:49:5)
    at process.emit (node:events:525:35)
    at emit (node:internal/child_process:937:14)
    at process.processTicksAndRejections (node:internal/process/task_queues:83:21)
Error: bind EADDRINUSE null:5000
    at listenOnPrimaryHandle (node:net:1553:18)
    at shared (node:internal/cluster/child:153:3)
    at Worker.<anonymous> (node:internal/cluster/child:106:7)
    at process.onInternalMessage (node:internal/cluster/utils:49:5)
    at process.emit (node:events:525:35)
    at emit (node:internal/child_process:937:14)
    at process.processTicksAndRejections (node:internal/process/task_queues:83:21)
Error: bind EADDRINUSE null:5000
    at listenOnPrimaryHandle (node:net:1553:18)
    at shared (node:internal/cluster/child:153:3)
    at Worker.<anonymous> (node:internal/cluster/child:106:7)
    at process.onInternalMessage (node:internal/cluster/utils:49:5)
    at process.emit (node:events:525:35)
    at emit (node:internal/child_process:937:14)
    at process.processTicksAndRejections (node:internal/process/task_queues:83:21)
Error: bind EADDRINUSE null:5000
    at listenOnPrimaryHandle (node:net:1553:18)
    at shared (node:internal/cluster/child:153:3)
    at Worker.<anonymous> (node:internal/cluster/child:106:7)
    at process.onInternalMessage (node:internal/cluster/utils:49:5)
    at process.emit (node:events:525:35)
    at emit (node:internal/child_process:937:14)
    at process.processTicksAndRejections (node:internal/process/task_queues:83:21)
Error: bind EADDRINUSE null:5000
    at listenOnPrimaryHandle (node:net:1553:18)
    at shared (node:internal/cluster/child:153:3)
    at Worker.<anonymous> (node:internal/cluster/child:106:7)
    at process.onInternalMessage (node:internal/cluster/utils:49:5)
    at process.emit (node:events:525:35)
    at emit (node:internal/child_process:937:14)
    at process.processTicksAndRejections (node:internal/process/task_queues:83:21)
Error: bind EADDRINUSE null:5000
    at listenOnPrimaryHandle (node:net:1553:18)
    at shared (node:internal/cluster/child:153:3)
    at Worker.<anonymous> (node:internal/cluster/child:106:7)
    at process.onInternalMessage (node:internal/cluster/utils:49:5)
    at process.emit (node:events:525:35)
    at emit (node:internal/child_process:937:14)
    at process.processTicksAndRejections (node:internal/process/task_queues:83:21)
