Error: bind EADDRINUSE null:5000
    at listenOnPrimaryHandle (node:net:1553:18)
    at shared (node:internal/cluster/child:153:3)
    at Worker.<anonymous> (node:internal/cluster/child:106:7)
    at process.onInternalMessage (node:internal/cluster/utils:49:5)
    at process.emit (node:events:525:35)
    at emit (node:internal/child_process:937:14)
    at process.processTicksAndRejections (node:internal/process/task_queues:83:21)
Error: bind EADDRINUSE null:5000
    at listenOnPrimaryHandle (node:net:1553:18)
    at shared (node:internal/cluster/child:153:3)
    at Worker.<anonymous> (node:internal/cluster/child:106:7)
    at process.onInternalMessage (node:internal/cluster/utils:49:5)
    at process.emit (node:events:525:35)
    at emit (node:internal/child_process:937:14)
    at process.processTicksAndRejections (node:internal/process/task_queues:83:21)
Error: bind EADDRINUSE null:5000
    at listenOnPrimaryHandle (node:net:1553:18)
    at shared (node:internal/cluster/child:153:3)
    at Worker.<anonymous> (node:internal/cluster/child:106:7)
    at process.onInternalMessage (node:internal/cluster/utils:49:5)
    at process.emit (node:events:525:35)
    at emit (node:internal/child_process:937:14)
    at process.processTicksAndRejections (node:internal/process/task_queues:83:21)
Error: bind EADDRINUSE null:5000
    at listenOnPrimaryHandle (node:net:1553:18)
    at shared (node:internal/cluster/child:153:3)
    at Worker.<anonymous> (node:internal/cluster/child:106:7)
    at process.onInternalMessage (node:internal/cluster/utils:49:5)
    at process.emit (node:events:525:35)
    at emit (node:internal/child_process:937:14)
    at process.processTicksAndRejections (node:internal/process/task_queues:83:21)
Error: bind EADDRINUSE null:5000
    at listenOnPrimaryHandle (node:net:1553:18)
    at shared (node:internal/cluster/child:153:3)
    at Worker.<anonymous> (node:internal/cluster/child:106:7)
    at process.onInternalMessage (node:internal/cluster/utils:49:5)
    at process.emit (node:events:525:35)
    at emit (node:internal/child_process:937:14)
    at process.processTicksAndRejections (node:internal/process/task_queues:83:21)
Error: bind EADDRINUSE null:5000
    at listenOnPrimaryHandle (node:net:1553:18)
    at shared (node:internal/cluster/child:153:3)
    at Worker.<anonymous> (node:internal/cluster/child:106:7)
    at process.onInternalMessage (node:internal/cluster/utils:49:5)
    at process.emit (node:events:525:35)
    at emit (node:internal/child_process:937:14)
    at process.processTicksAndRejections (node:internal/process/task_queues:83:21)
Error: bind EADDRINUSE null:5000
    at listenOnPrimaryHandle (node:net:1553:18)
    at shared (node:internal/cluster/child:153:3)
    at Worker.<anonymous> (node:internal/cluster/child:106:7)
    at process.onInternalMessage (node:internal/cluster/utils:49:5)
    at process.emit (node:events:525:35)
    at emit (node:internal/child_process:937:14)
    at process.processTicksAndRejections (node:internal/process/task_queues:83:21)
Error: bind EADDRINUSE null:5000
    at listenOnPrimaryHandle (node:net:1553:18)
    at shared (node:internal/cluster/child:153:3)
    at Worker.<anonymous> (node:internal/cluster/child:106:7)
    at process.onInternalMessage (node:internal/cluster/utils:49:5)
    at process.emit (node:events:525:35)
    at emit (node:internal/child_process:937:14)
    at process.processTicksAndRejections (node:internal/process/task_queues:83:21)
Error: bind EADDRINUSE null:5000
    at listenOnPrimaryHandle (node:net:1553:18)
    at shared (node:internal/cluster/child:153:3)
    at Worker.<anonymous> (node:internal/cluster/child:106:7)
    at process.onInternalMessage (node:internal/cluster/utils:49:5)
    at process.emit (node:events:525:35)
    at emit (node:internal/child_process:937:14)
    at process.processTicksAndRejections (node:internal/process/task_queues:83:21)
Error: bind EADDRINUSE null:5000
    at listenOnPrimaryHandle (node:net:1553:18)
    at shared (node:internal/cluster/child:153:3)
    at Worker.<anonymous> (node:internal/cluster/child:106:7)
    at process.onInternalMessage (node:internal/cluster/utils:49:5)
    at process.emit (node:events:525:35)
    at emit (node:internal/child_process:937:14)
    at process.processTicksAndRejections (node:internal/process/task_queues:83:21)
Error: bind EADDRINUSE null:5000
    at listenOnPrimaryHandle (node:net:1553:18)
    at shared (node:internal/cluster/child:153:3)
    at Worker.<anonymous> (node:internal/cluster/child:106:7)
    at process.onInternalMessage (node:internal/cluster/utils:49:5)
    at process.emit (node:events:525:35)
    at emit (node:internal/child_process:937:14)
    at process.processTicksAndRejections (node:internal/process/task_queues:83:21)
Error: bind EADDRINUSE null:5000
    at listenOnPrimaryHandle (node:net:1553:18)
    at shared (node:internal/cluster/child:153:3)
    at Worker.<anonymous> (node:internal/cluster/child:106:7)
    at process.onInternalMessage (node:internal/cluster/utils:49:5)
    at process.emit (node:events:525:35)
    at emit (node:internal/child_process:937:14)
    at process.processTicksAndRejections (node:internal/process/task_queues:83:21)
Error: bind EADDRINUSE null:5000
    at listenOnPrimaryHandle (node:net:1553:18)
    at shared (node:internal/cluster/child:153:3)
    at Worker.<anonymous> (node:internal/cluster/child:106:7)
    at process.onInternalMessage (node:internal/cluster/utils:49:5)
    at process.emit (node:events:525:35)
    at emit (node:internal/child_process:937:14)
    at process.processTicksAndRejections (node:internal/process/task_queues:83:21)
Error: bind EADDRINUSE null:5000
    at listenOnPrimaryHandle (node:net:1553:18)
    at shared (node:internal/cluster/child:153:3)
    at Worker.<anonymous> (node:internal/cluster/child:106:7)
    at process.onInternalMessage (node:internal/cluster/utils:49:5)
    at process.emit (node:events:525:35)
    at emit (node:internal/child_process:937:14)
    at process.processTicksAndRejections (node:internal/process/task_queues:83:21)
Error: bind EADDRINUSE null:5000
    at listenOnPrimaryHandle (node:net:1553:18)
    at shared (node:internal/cluster/child:153:3)
    at Worker.<anonymous> (node:internal/cluster/child:106:7)
    at process.onInternalMessage (node:internal/cluster/utils:49:5)
    at process.emit (node:events:525:35)
    at emit (node:internal/child_process:937:14)
    at process.processTicksAndRejections (node:internal/process/task_queues:83:21)
Error: bind EADDRINUSE null:5000
    at listenOnPrimaryHandle (node:net:1553:18)
    at shared (node:internal/cluster/child:153:3)
    at Worker.<anonymous> (node:internal/cluster/child:106:7)
    at process.onInternalMessage (node:internal/cluster/utils:49:5)
    at process.emit (node:events:525:35)
    at emit (node:internal/child_process:937:14)
    at process.processTicksAndRejections (node:internal/process/task_queues:83:21)
Error: bind EADDRINUSE null:5000
    at listenOnPrimaryHandle (node:net:1553:18)
    at shared (node:internal/cluster/child:153:3)
    at Worker.<anonymous> (node:internal/cluster/child:106:7)
    at process.onInternalMessage (node:internal/cluster/utils:49:5)
    at process.emit (node:events:525:35)
    at emit (node:internal/child_process:937:14)
    at process.processTicksAndRejections (node:internal/process/task_queues:83:21)
Error: bind EADDRINUSE null:5000
    at listenOnPrimaryHandle (node:net:1553:18)
    at shared (node:internal/cluster/child:153:3)
    at Worker.<anonymous> (node:internal/cluster/child:106:7)
    at process.onInternalMessage (node:internal/cluster/utils:49:5)
    at process.emit (node:events:525:35)
    at emit (node:internal/child_process:937:14)
    at process.processTicksAndRejections (node:internal/process/task_queues:83:21)
Error: bind EADDRINUSE null:5000
    at listenOnPrimaryHandle (node:net:1553:18)
    at shared (node:internal/cluster/child:153:3)
    at Worker.<anonymous> (node:internal/cluster/child:106:7)
    at process.onInternalMessage (node:internal/cluster/utils:49:5)
    at process.emit (node:events:525:35)
    at emit (node:internal/child_process:937:14)
    at process.processTicksAndRejections (node:internal/process/task_queues:83:21)
Error: bind EADDRINUSE null:5000
    at listenOnPrimaryHandle (node:net:1553:18)
    at shared (node:internal/cluster/child:153:3)
    at Worker.<anonymous> (node:internal/cluster/child:106:7)
    at process.onInternalMessage (node:internal/cluster/utils:49:5)
    at process.emit (node:events:525:35)
    at emit (node:internal/child_process:937:14)
    at process.processTicksAndRejections (node:internal/process/task_queues:83:21)
Error: bind EADDRINUSE null:5000
    at listenOnPrimaryHandle (node:net:1553:18)
    at shared (node:internal/cluster/child:153:3)
    at Worker.<anonymous> (node:internal/cluster/child:106:7)
    at process.onInternalMessage (node:internal/cluster/utils:49:5)
    at process.emit (node:events:525:35)
    at emit (node:internal/child_process:937:14)
    at process.processTicksAndRejections (node:internal/process/task_queues:83:21)
Error: bind EADDRINUSE null:5000
    at listenOnPrimaryHandle (node:net:1553:18)
    at shared (node:internal/cluster/child:153:3)
    at Worker.<anonymous> (node:internal/cluster/child:106:7)
    at process.onInternalMessage (node:internal/cluster/utils:49:5)
    at process.emit (node:events:525:35)
    at emit (node:internal/child_process:937:14)
    at process.processTicksAndRejections (node:internal/process/task_queues:83:21)
Error: bind EADDRINUSE null:5000
    at listenOnPrimaryHandle (node:net:1553:18)
    at shared (node:internal/cluster/child:153:3)
    at Worker.<anonymous> (node:internal/cluster/child:106:7)
    at process.onInternalMessage (node:internal/cluster/utils:49:5)
    at process.emit (node:events:525:35)
    at emit (node:internal/child_process:937:14)
    at process.processTicksAndRejections (node:internal/process/task_queues:83:21)
Error: bind EADDRINUSE null:5000
    at listenOnPrimaryHandle (node:net:1553:18)
    at shared (node:internal/cluster/child:153:3)
    at Worker.<anonymous> (node:internal/cluster/child:106:7)
    at process.onInternalMessage (node:internal/cluster/utils:49:5)
    at process.emit (node:events:525:35)
    at emit (node:internal/child_process:937:14)
    at process.processTicksAndRejections (node:internal/process/task_queues:83:21)
Error: bind EADDRINUSE null:5000
    at listenOnPrimaryHandle (node:net:1553:18)
    at shared (node:internal/cluster/child:153:3)
    at Worker.<anonymous> (node:internal/cluster/child:106:7)
    at process.onInternalMessage (node:internal/cluster/utils:49:5)
    at process.emit (node:events:525:35)
    at emit (node:internal/child_process:937:14)
    at process.processTicksAndRejections (node:internal/process/task_queues:83:21)
Error: bind EADDRINUSE null:5000
    at listenOnPrimaryHandle (node:net:1553:18)
    at shared (node:internal/cluster/child:153:3)
    at Worker.<anonymous> (node:internal/cluster/child:106:7)
    at process.onInternalMessage (node:internal/cluster/utils:49:5)
    at process.emit (node:events:525:35)
    at emit (node:internal/child_process:937:14)
    at process.processTicksAndRejections (node:internal/process/task_queues:83:21)
Error: bind EADDRINUSE null:5000
    at listenOnPrimaryHandle (node:net:1553:18)
    at shared (node:internal/cluster/child:153:3)
    at Worker.<anonymous> (node:internal/cluster/child:106:7)
    at process.onInternalMessage (node:internal/cluster/utils:49:5)
    at process.emit (node:events:525:35)
    at emit (node:internal/child_process:937:14)
    at process.processTicksAndRejections (node:internal/process/task_queues:83:21)
Error: bind EADDRINUSE null:5000
    at listenOnPrimaryHandle (node:net:1553:18)
    at shared (node:internal/cluster/child:153:3)
    at Worker.<anonymous> (node:internal/cluster/child:106:7)
    at process.onInternalMessage (node:internal/cluster/utils:49:5)
    at process.emit (node:events:525:35)
    at emit (node:internal/child_process:937:14)
    at process.processTicksAndRejections (node:internal/process/task_queues:83:21)
Error: bind EADDRINUSE null:5000
    at listenOnPrimaryHandle (node:net:1553:18)
    at shared (node:internal/cluster/child:153:3)
    at Worker.<anonymous> (node:internal/cluster/child:106:7)
    at process.onInternalMessage (node:internal/cluster/utils:49:5)
    at process.emit (node:events:525:35)
    at emit (node:internal/child_process:937:14)
    at process.processTicksAndRejections (node:internal/process/task_queues:83:21)
Error: bind EADDRINUSE null:5000
    at listenOnPrimaryHandle (node:net:1553:18)
    at shared (node:internal/cluster/child:153:3)
    at Worker.<anonymous> (node:internal/cluster/child:106:7)
    at process.onInternalMessage (node:internal/cluster/utils:49:5)
    at process.emit (node:events:525:35)
    at emit (node:internal/child_process:937:14)
    at process.processTicksAndRejections (node:internal/process/task_queues:83:21)
Error: bind EADDRINUSE null:5000
    at listenOnPrimaryHandle (node:net:1553:18)
    at shared (node:internal/cluster/child:153:3)
    at Worker.<anonymous> (node:internal/cluster/child:106:7)
    at process.onInternalMessage (node:internal/cluster/utils:49:5)
    at process.emit (node:events:525:35)
    at emit (node:internal/child_process:937:14)
    at process.processTicksAndRejections (node:internal/process/task_queues:83:21)
Error: bind EADDRINUSE null:5000
    at listenOnPrimaryHandle (node:net:1553:18)
    at shared (node:internal/cluster/child:153:3)
    at Worker.<anonymous> (node:internal/cluster/child:106:7)
    at process.onInternalMessage (node:internal/cluster/utils:49:5)
    at process.emit (node:events:525:35)
    at emit (node:internal/child_process:937:14)
    at process.processTicksAndRejections (node:internal/process/task_queues:83:21)
Error: bind EADDRINUSE null:5000
    at listenOnPrimaryHandle (node:net:1553:18)
    at shared (node:internal/cluster/child:153:3)
    at Worker.<anonymous> (node:internal/cluster/child:106:7)
    at process.onInternalMessage (node:internal/cluster/utils:49:5)
    at process.emit (node:events:525:35)
    at emit (node:internal/child_process:937:14)
    at process.processTicksAndRejections (node:internal/process/task_queues:83:21)
Error: bind EADDRINUSE null:5000
    at listenOnPrimaryHandle (node:net:1553:18)
    at shared (node:internal/cluster/child:153:3)
    at Worker.<anonymous> (node:internal/cluster/child:106:7)
    at process.onInternalMessage (node:internal/cluster/utils:49:5)
    at process.emit (node:events:525:35)
    at emit (node:internal/child_process:937:14)
    at process.processTicksAndRejections (node:internal/process/task_queues:83:21)
Error: bind EADDRINUSE null:5000
    at listenOnPrimaryHandle (node:net:1553:18)
    at shared (node:internal/cluster/child:153:3)
    at Worker.<anonymous> (node:internal/cluster/child:106:7)
    at process.onInternalMessage (node:internal/cluster/utils:49:5)
    at process.emit (node:events:525:35)
    at emit (node:internal/child_process:937:14)
    at process.processTicksAndRejections (node:internal/process/task_queues:83:21)
Error: bind EADDRINUSE null:5000
    at listenOnPrimaryHandle (node:net:1553:18)
    at shared (node:internal/cluster/child:153:3)
    at Worker.<anonymous> (node:internal/cluster/child:106:7)
    at process.onInternalMessage (node:internal/cluster/utils:49:5)
    at process.emit (node:events:525:35)
    at emit (node:internal/child_process:937:14)
    at process.processTicksAndRejections (node:internal/process/task_queues:83:21)
Error: bind EADDRINUSE null:5000
    at listenOnPrimaryHandle (node:net:1553:18)
    at shared (node:internal/cluster/child:153:3)
    at Worker.<anonymous> (node:internal/cluster/child:106:7)
    at process.onInternalMessage (node:internal/cluster/utils:49:5)
    at process.emit (node:events:525:35)
    at emit (node:internal/child_process:937:14)
    at process.processTicksAndRejections (node:internal/process/task_queues:83:21)
Error: bind EADDRINUSE null:5000
    at listenOnPrimaryHandle (node:net:1553:18)
    at shared (node:internal/cluster/child:153:3)
    at Worker.<anonymous> (node:internal/cluster/child:106:7)
    at process.onInternalMessage (node:internal/cluster/utils:49:5)
    at process.emit (node:events:525:35)
    at emit (node:internal/child_process:937:14)
    at process.processTicksAndRejections (node:internal/process/task_queues:83:21)
Error: bind EADDRINUSE null:5000
    at listenOnPrimaryHandle (node:net:1553:18)
    at shared (node:internal/cluster/child:153:3)
    at Worker.<anonymous> (node:internal/cluster/child:106:7)
    at process.onInternalMessage (node:internal/cluster/utils:49:5)
    at process.emit (node:events:525:35)
    at emit (node:internal/child_process:937:14)
    at process.processTicksAndRejections (node:internal/process/task_queues:83:21)
Error: bind EADDRINUSE null:5000
    at listenOnPrimaryHandle (node:net:1553:18)
    at shared (node:internal/cluster/child:153:3)
    at Worker.<anonymous> (node:internal/cluster/child:106:7)
    at process.onInternalMessage (node:internal/cluster/utils:49:5)
    at process.emit (node:events:525:35)
    at emit (node:internal/child_process:937:14)
    at process.processTicksAndRejections (node:internal/process/task_queues:83:21)
Error: bind EADDRINUSE null:5000
    at listenOnPrimaryHandle (node:net:1553:18)
    at shared (node:internal/cluster/child:153:3)
    at Worker.<anonymous> (node:internal/cluster/child:106:7)
    at process.onInternalMessage (node:internal/cluster/utils:49:5)
    at process.emit (node:events:525:35)
    at emit (node:internal/child_process:937:14)
    at process.processTicksAndRejections (node:internal/process/task_queues:83:21)
Error: bind EADDRINUSE null:5000
    at listenOnPrimaryHandle (node:net:1553:18)
    at shared (node:internal/cluster/child:153:3)
    at Worker.<anonymous> (node:internal/cluster/child:106:7)
    at process.onInternalMessage (node:internal/cluster/utils:49:5)
    at process.emit (node:events:525:35)
    at emit (node:internal/child_process:937:14)
    at process.processTicksAndRejections (node:internal/process/task_queues:83:21)
Error: bind EADDRINUSE null:5000
    at listenOnPrimaryHandle (node:net:1553:18)
    at shared (node:internal/cluster/child:153:3)
    at Worker.<anonymous> (node:internal/cluster/child:106:7)
    at process.onInternalMessage (node:internal/cluster/utils:49:5)
    at process.emit (node:events:525:35)
    at emit (node:internal/child_process:937:14)
    at process.processTicksAndRejections (node:internal/process/task_queues:83:21)
Error: bind EADDRINUSE null:5000
    at listenOnPrimaryHandle (node:net:1553:18)
    at shared (node:internal/cluster/child:153:3)
    at Worker.<anonymous> (node:internal/cluster/child:106:7)
    at process.onInternalMessage (node:internal/cluster/utils:49:5)
    at process.emit (node:events:525:35)
    at emit (node:internal/child_process:937:14)
    at process.processTicksAndRejections (node:internal/process/task_queues:83:21)
2025-04-08T17:22:46: ✅ Database connected successfully
Error: bind EADDRINUSE null:5000
    at listenOnPrimaryHandle (node:net:1553:18)
    at shared (node:internal/cluster/child:153:3)
    at Worker.<anonymous> (node:internal/cluster/child:106:7)
    at process.onInternalMessage (node:internal/cluster/utils:49:5)
    at process.emit (node:events:525:35)
    at emit (node:internal/child_process:937:14)
    at process.processTicksAndRejections (node:internal/process/task_queues:83:21)
Error: bind EADDRINUSE null:5000
    at listenOnPrimaryHandle (node:net:1553:18)
    at shared (node:internal/cluster/child:153:3)
    at Worker.<anonymous> (node:internal/cluster/child:106:7)
    at process.onInternalMessage (node:internal/cluster/utils:49:5)
    at process.emit (node:events:525:35)
    at emit (node:internal/child_process:937:14)
    at process.processTicksAndRejections (node:internal/process/task_queues:83:21)
Error: bind EADDRINUSE null:5000
    at listenOnPrimaryHandle (node:net:1553:18)
    at shared (node:internal/cluster/child:153:3)
    at Worker.<anonymous> (node:internal/cluster/child:106:7)
    at process.onInternalMessage (node:internal/cluster/utils:49:5)
    at process.emit (node:events:525:35)
    at emit (node:internal/child_process:937:14)
    at process.processTicksAndRejections (node:internal/process/task_queues:83:21)
Error: bind EADDRINUSE null:5000
    at listenOnPrimaryHandle (node:net:1553:18)
    at shared (node:internal/cluster/child:153:3)
    at Worker.<anonymous> (node:internal/cluster/child:106:7)
    at process.onInternalMessage (node:internal/cluster/utils:49:5)
    at process.emit (node:events:525:35)
    at emit (node:internal/child_process:937:14)
    at process.processTicksAndRejections (node:internal/process/task_queues:83:21)
Error: bind EADDRINUSE null:5000
    at listenOnPrimaryHandle (node:net:1553:18)
    at shared (node:internal/cluster/child:153:3)
    at Worker.<anonymous> (node:internal/cluster/child:106:7)
    at process.onInternalMessage (node:internal/cluster/utils:49:5)
    at process.emit (node:events:525:35)
    at emit (node:internal/child_process:937:14)
    at process.processTicksAndRejections (node:internal/process/task_queues:83:21)
Error: bind EADDRINUSE null:5000
    at listenOnPrimaryHandle (node:net:1553:18)
    at shared (node:internal/cluster/child:153:3)
    at Worker.<anonymous> (node:internal/cluster/child:106:7)
    at process.onInternalMessage (node:internal/cluster/utils:49:5)
    at process.emit (node:events:525:35)
    at emit (node:internal/child_process:937:14)
    at process.processTicksAndRejections (node:internal/process/task_queues:83:21)
Error: bind EADDRINUSE null:5000
    at listenOnPrimaryHandle (node:net:1553:18)
    at shared (node:internal/cluster/child:153:3)
    at Worker.<anonymous> (node:internal/cluster/child:106:7)
    at process.onInternalMessage (node:internal/cluster/utils:49:5)
    at process.emit (node:events:525:35)
    at emit (node:internal/child_process:937:14)
    at process.processTicksAndRejections (node:internal/process/task_queues:83:21)
Error: bind EADDRINUSE null:5000
    at listenOnPrimaryHandle (node:net:1553:18)
    at shared (node:internal/cluster/child:153:3)
    at Worker.<anonymous> (node:internal/cluster/child:106:7)
    at process.onInternalMessage (node:internal/cluster/utils:49:5)
    at process.emit (node:events:525:35)
    at emit (node:internal/child_process:937:14)
    at process.processTicksAndRejections (node:internal/process/task_queues:83:21)
Error: bind EADDRINUSE null:5000
    at listenOnPrimaryHandle (node:net:1553:18)
    at shared (node:internal/cluster/child:153:3)
    at Worker.<anonymous> (node:internal/cluster/child:106:7)
    at process.onInternalMessage (node:internal/cluster/utils:49:5)
    at process.emit (node:events:525:35)
    at emit (node:internal/child_process:937:14)
    at process.processTicksAndRejections (node:internal/process/task_queues:83:21)
Error: bind EADDRINUSE null:5000
    at listenOnPrimaryHandle (node:net:1553:18)
    at shared (node:internal/cluster/child:153:3)
    at Worker.<anonymous> (node:internal/cluster/child:106:7)
    at process.onInternalMessage (node:internal/cluster/utils:49:5)
    at process.emit (node:events:525:35)
    at emit (node:internal/child_process:937:14)
    at process.processTicksAndRejections (node:internal/process/task_queues:83:21)
Error: bind EADDRINUSE null:5000
    at listenOnPrimaryHandle (node:net:1553:18)
    at shared (node:internal/cluster/child:153:3)
    at Worker.<anonymous> (node:internal/cluster/child:106:7)
    at process.onInternalMessage (node:internal/cluster/utils:49:5)
    at process.emit (node:events:525:35)
    at emit (node:internal/child_process:937:14)
    at process.processTicksAndRejections (node:internal/process/task_queues:83:21)
Error: bind EADDRINUSE null:5000
    at listenOnPrimaryHandle (node:net:1553:18)
    at shared (node:internal/cluster/child:153:3)
    at Worker.<anonymous> (node:internal/cluster/child:106:7)
    at process.onInternalMessage (node:internal/cluster/utils:49:5)
    at process.emit (node:events:525:35)
    at emit (node:internal/child_process:937:14)
    at process.processTicksAndRejections (node:internal/process/task_queues:83:21)
Error: bind EADDRINUSE null:5000
    at listenOnPrimaryHandle (node:net:1553:18)
    at shared (node:internal/cluster/child:153:3)
    at Worker.<anonymous> (node:internal/cluster/child:106:7)
    at process.onInternalMessage (node:internal/cluster/utils:49:5)
    at process.emit (node:events:525:35)
    at emit (node:internal/child_process:937:14)
    at process.processTicksAndRejections (node:internal/process/task_queues:83:21)
Error: bind EADDRINUSE null:5000
    at listenOnPrimaryHandle (node:net:1553:18)
    at shared (node:internal/cluster/child:153:3)
    at Worker.<anonymous> (node:internal/cluster/child:106:7)
    at process.onInternalMessage (node:internal/cluster/utils:49:5)
    at process.emit (node:events:525:35)
    at emit (node:internal/child_process:937:14)
    at process.processTicksAndRejections (node:internal/process/task_queues:83:21)
Error: bind EADDRINUSE null:5000
    at listenOnPrimaryHandle (node:net:1553:18)
    at shared (node:internal/cluster/child:153:3)
    at Worker.<anonymous> (node:internal/cluster/child:106:7)
    at process.onInternalMessage (node:internal/cluster/utils:49:5)
    at process.emit (node:events:525:35)
    at emit (node:internal/child_process:937:14)
    at process.processTicksAndRejections (node:internal/process/task_queues:83:21)
Error: bind EADDRINUSE null:5000
    at listenOnPrimaryHandle (node:net:1553:18)
    at shared (node:internal/cluster/child:153:3)
    at Worker.<anonymous> (node:internal/cluster/child:106:7)
    at process.onInternalMessage (node:internal/cluster/utils:49:5)
    at process.emit (node:events:525:35)
    at emit (node:internal/child_process:937:14)
    at process.processTicksAndRejections (node:internal/process/task_queues:83:21)
Error: bind EADDRINUSE null:5000
    at listenOnPrimaryHandle (node:net:1553:18)
    at shared (node:internal/cluster/child:153:3)
    at Worker.<anonymous> (node:internal/cluster/child:106:7)
    at process.onInternalMessage (node:internal/cluster/utils:49:5)
    at process.emit (node:events:525:35)
    at emit (node:internal/child_process:937:14)
    at process.processTicksAndRejections (node:internal/process/task_queues:83:21)
Error: bind EADDRINUSE null:5000
    at listenOnPrimaryHandle (node:net:1553:18)
    at shared (node:internal/cluster/child:153:3)
    at Worker.<anonymous> (node:internal/cluster/child:106:7)
    at process.onInternalMessage (node:internal/cluster/utils:49:5)
    at process.emit (node:events:525:35)
    at emit (node:internal/child_process:937:14)
    at process.processTicksAndRejections (node:internal/process/task_queues:83:21)
Error: bind EADDRINUSE null:5000
    at listenOnPrimaryHandle (node:net:1553:18)
    at shared (node:internal/cluster/child:153:3)
    at Worker.<anonymous> (node:internal/cluster/child:106:7)
    at process.onInternalMessage (node:internal/cluster/utils:49:5)
    at process.emit (node:events:525:35)
    at emit (node:internal/child_process:937:14)
    at process.processTicksAndRejections (node:internal/process/task_queues:83:21)
2025-04-08T17:23:45: ✅ Database connected successfully
Error: bind EADDRINUSE null:5000
    at listenOnPrimaryHandle (node:net:1553:18)
    at shared (node:internal/cluster/child:153:3)
    at Worker.<anonymous> (node:internal/cluster/child:106:7)
    at process.onInternalMessage (node:internal/cluster/utils:49:5)
    at process.emit (node:events:525:35)
    at emit (node:internal/child_process:937:14)
    at process.processTicksAndRejections (node:internal/process/task_queues:83:21)
Error: bind EADDRINUSE null:5000
    at listenOnPrimaryHandle (node:net:1553:18)
    at shared (node:internal/cluster/child:153:3)
    at Worker.<anonymous> (node:internal/cluster/child:106:7)
    at process.onInternalMessage (node:internal/cluster/utils:49:5)
    at process.emit (node:events:525:35)
    at emit (node:internal/child_process:937:14)
    at process.processTicksAndRejections (node:internal/process/task_queues:83:21)
Error: bind EADDRINUSE null:5000
    at listenOnPrimaryHandle (node:net:1553:18)
    at shared (node:internal/cluster/child:153:3)
    at Worker.<anonymous> (node:internal/cluster/child:106:7)
    at process.onInternalMessage (node:internal/cluster/utils:49:5)
    at process.emit (node:events:525:35)
    at emit (node:internal/child_process:937:14)
    at process.processTicksAndRejections (node:internal/process/task_queues:83:21)
Error: bind EADDRINUSE null:5000
    at listenOnPrimaryHandle (node:net:1553:18)
    at shared (node:internal/cluster/child:153:3)
    at Worker.<anonymous> (node:internal/cluster/child:106:7)
    at process.onInternalMessage (node:internal/cluster/utils:49:5)
    at process.emit (node:events:525:35)
    at emit (node:internal/child_process:937:14)
    at process.processTicksAndRejections (node:internal/process/task_queues:83:21)
Error: bind EADDRINUSE null:5000
    at listenOnPrimaryHandle (node:net:1553:18)
    at shared (node:internal/cluster/child:153:3)
    at Worker.<anonymous> (node:internal/cluster/child:106:7)
    at process.onInternalMessage (node:internal/cluster/utils:49:5)
    at process.emit (node:events:525:35)
    at emit (node:internal/child_process:937:14)
    at process.processTicksAndRejections (node:internal/process/task_queues:83:21)
Error: bind EADDRINUSE null:5000
    at listenOnPrimaryHandle (node:net:1553:18)
    at shared (node:internal/cluster/child:153:3)
    at Worker.<anonymous> (node:internal/cluster/child:106:7)
    at process.onInternalMessage (node:internal/cluster/utils:49:5)
    at process.emit (node:events:525:35)
    at emit (node:internal/child_process:937:14)
    at process.processTicksAndRejections (node:internal/process/task_queues:83:21)
Error: bind EADDRINUSE null:5000
    at listenOnPrimaryHandle (node:net:1553:18)
    at shared (node:internal/cluster/child:153:3)
    at Worker.<anonymous> (node:internal/cluster/child:106:7)
    at process.onInternalMessage (node:internal/cluster/utils:49:5)
    at process.emit (node:events:525:35)
    at emit (node:internal/child_process:937:14)
    at process.processTicksAndRejections (node:internal/process/task_queues:83:21)
Error: bind EADDRINUSE null:5000
    at listenOnPrimaryHandle (node:net:1553:18)
    at shared (node:internal/cluster/child:153:3)
    at Worker.<anonymous> (node:internal/cluster/child:106:7)
    at process.onInternalMessage (node:internal/cluster/utils:49:5)
    at process.emit (node:events:525:35)
    at emit (node:internal/child_process:937:14)
    at process.processTicksAndRejections (node:internal/process/task_queues:83:21)
Error: bind EADDRINUSE null:5000
    at listenOnPrimaryHandle (node:net:1553:18)
    at shared (node:internal/cluster/child:153:3)
    at Worker.<anonymous> (node:internal/cluster/child:106:7)
    at process.onInternalMessage (node:internal/cluster/utils:49:5)
    at process.emit (node:events:525:35)
    at emit (node:internal/child_process:937:14)
    at process.processTicksAndRejections (node:internal/process/task_queues:83:21)
2025-04-08T17:24:17: ✅ Database connected successfully
Error: bind EADDRINUSE null:5000
    at listenOnPrimaryHandle (node:net:1553:18)
    at shared (node:internal/cluster/child:153:3)
    at Worker.<anonymous> (node:internal/cluster/child:106:7)
    at process.onInternalMessage (node:internal/cluster/utils:49:5)
    at process.emit (node:events:525:35)
    at emit (node:internal/child_process:937:14)
    at process.processTicksAndRejections (node:internal/process/task_queues:83:21)
Error: bind EADDRINUSE null:5000
    at listenOnPrimaryHandle (node:net:1553:18)
    at shared (node:internal/cluster/child:153:3)
    at Worker.<anonymous> (node:internal/cluster/child:106:7)
    at process.onInternalMessage (node:internal/cluster/utils:49:5)
    at process.emit (node:events:525:35)
    at emit (node:internal/child_process:937:14)
    at process.processTicksAndRejections (node:internal/process/task_queues:83:21)
Error: bind EADDRINUSE null:5000
    at listenOnPrimaryHandle (node:net:1553:18)
    at shared (node:internal/cluster/child:153:3)
    at Worker.<anonymous> (node:internal/cluster/child:106:7)
    at process.onInternalMessage (node:internal/cluster/utils:49:5)
    at process.emit (node:events:525:35)
    at emit (node:internal/child_process:937:14)
    at process.processTicksAndRejections (node:internal/process/task_queues:83:21)
Error: bind EADDRINUSE null:5000
    at listenOnPrimaryHandle (node:net:1553:18)
    at shared (node:internal/cluster/child:153:3)
    at Worker.<anonymous> (node:internal/cluster/child:106:7)
    at process.onInternalMessage (node:internal/cluster/utils:49:5)
    at process.emit (node:events:525:35)
    at emit (node:internal/child_process:937:14)
    at process.processTicksAndRejections (node:internal/process/task_queues:83:21)
Error: bind EADDRINUSE null:5000
    at listenOnPrimaryHandle (node:net:1553:18)
    at shared (node:internal/cluster/child:153:3)
    at Worker.<anonymous> (node:internal/cluster/child:106:7)
    at process.onInternalMessage (node:internal/cluster/utils:49:5)
    at process.emit (node:events:525:35)
    at emit (node:internal/child_process:937:14)
    at process.processTicksAndRejections (node:internal/process/task_queues:83:21)
2025-04-08T17:24:31: 🔐 HTTPS server running at https://localhost:5000
2025-04-08T17:24:31: ✅ Database connected successfully
2025-04-08T17:24:54: 🔐 HTTPS server running at https://localhost:5000
2025-04-08T17:24:54: ✅ Database connected successfully
2025-04-08T17:28:39: 🔐 HTTPS server running at https://localhost:5000
2025-04-08T17:28:39: ✅ Database connected successfully
